2011-08-27 02:41:07,515 game:DEBUG on setup: game.setup_state
2011-08-27 02:41:07,515 game:DEBUG on shutdown: game.shutdown
2011-08-27 02:41:07,516 game:DEBUG Starting up
2011-08-27 02:41:07,517 game:DEBUG on setup: draw.setup
2011-08-27 02:41:07,518 game:DEBUG on setup: hud.setup
2011-08-27 02:41:07,518 game:DEBUG on tick: hud.topbar_tick
2011-08-27 02:41:07,518 game:DEBUG on tick: hud.nodebar_tick
2011-08-27 02:41:07,518 game:DEBUG on clear: hud.draw_hud
2011-08-27 02:41:07,518 game:DEBUG on tick: hud.hud_tick
2011-08-27 02:41:07,523 game:DEBUG on setup: terminal.setup_terminal
2011-08-27 02:41:07,523 game:DEBUG on specialkey: terminal.on_specialkey
2011-08-27 02:41:07,523 game:DEBUG on clear: terminal.on_clear
2011-08-27 02:41:07,523 game:DEBUG on clear: gameprompt.prompt_hbar
2011-08-27 02:41:07,523 game:DEBUG on prompt: gameprompt.do_prompt
2011-08-27 02:41:07,528 game:DEBUG on setup: nodes.setup_nodes
2011-08-27 02:41:07,528 game:DEBUG on time_taken: nodes.nodes_time
2011-08-27 02:41:07,535 game:DEBUG on command: commands.parse_command
2011-08-27 02:41:07,535 game:DEBUG on specialkey: commands.on_specialkey
2011-08-27 02:41:07,539 game:DEBUG on setup: npc.npc_setup
2011-08-27 02:41:07,539 game:DEBUG on tick: npc.npc_tick
2011-08-27 02:41:07,539 game:DEBUG on time_taken: npc.npc_time
2011-08-27 02:41:07,539 draw:DEBUG setting up screen
2011-08-27 02:41:07,655 nodes:DEBUG adding NPC Saeder-Krupp Security Alpha to 83.101.48.211
2011-08-27 02:41:07,655 nodes:DEBUG adding NPC Saeder-Krupp Security Bravo to 37.181.9.13
2011-08-27 02:41:07,655 nodes:DEBUG adding NPC Aztechnology Security Alpha to 46.110.110.91
2011-08-27 02:41:07,655 nodes:DEBUG adding NPC Aztechnology Security Bravo to 42.82.12.38
2011-08-27 02:41:07,655 nodes:DEBUG adding NPC Aztechnology Security Charlie to 254.150.57.14
2011-08-27 02:41:07,655 nodes:DEBUG adding NPC Aztechnology Security Delta to 254.228.98.5
2011-08-27 02:41:07,655 nodes:DEBUG adding NPC EVO Corp Security Alpha to 118.118.197.180
2011-08-27 02:41:07,655 nodes:DEBUG adding NPC EVO Corp Security Bravo to 118.128.141.110
2011-08-27 02:41:07,655 nodes:DEBUG adding NPC EVO Corp Security Charlie to 216.180.75.192
2011-08-27 02:41:07,656 nodes:DEBUG adding NPC EVO Corp Security Delta to 216.51.91.131
2011-08-27 02:41:07,656 nodes:DEBUG adding NPC Ares Macrotechnology Security Alpha to 98.237.77.252
2011-08-27 02:41:07,656 nodes:DEBUG adding NPC Ares Macrotechnology Security Bravo to 224.19.225.172
2011-08-27 02:41:07,656 nodes:DEBUG adding NPC Horizon Entertainment Security Alpha to 223.91.107.182
2011-08-27 02:41:07,656 nodes:DEBUG adding NPC Horizon Entertainment Security Bravo to 34.234.147.241
2011-08-27 02:41:07,656 nodes:DEBUG adding NPC NeoNET Security Alpha to 100.30.127.69
2011-08-27 02:41:07,656 nodes:DEBUG adding NPC NeoNET Security Bravo to 145.225.136.177
2011-08-27 02:41:07,656 nodes:DEBUG adding NPC NeoNET Security Charlie to 34.19.152.140
2011-08-27 02:41:07,656 nodes:DEBUG adding NPC Renraku Computer Systems Security Alpha to 18.21.36.92
2011-08-27 02:41:07,656 nodes:DEBUG adding NPC Renraku Computer Systems Security Bravo to 160.20.107.30
2011-08-27 02:41:07,656 nodes:DEBUG adding NPC Wuxing Inc Security Alpha to 204.123.24.22
2011-08-27 02:41:07,656 nodes:DEBUG adding NPC Wuxing Inc Security Bravo to 160.125.88.128
2011-08-27 02:41:07,656 nodes:DEBUG adding NPC Wuxing Inc Security Charlie to 195.221.138.236
2011-08-27 02:41:07,656 nodes:DEBUG adding NPC Shadow Team Alpha to 171.203.15.44
2011-08-27 02:41:07,656 nodes:DEBUG adding NPC Shadow Team Bravo to 71.253.150.146
2011-08-27 02:41:07,656 nodes:DEBUG adding NPC Shadow Team Charlie to 26.80.231.84
2011-08-27 02:41:07,656 nodes:DEBUG adding NPC Shadow Team Delta to 129.74.216.204
2011-08-27 02:41:07,656 hud:DEBUG draw_hud
2011-08-27 02:41:07,656 XConio:DEBUG left=0 top=0 width=128 height=2
2011-08-27 02:41:07,657 XConio:DEBUG after(0):  [43, 32, 32, 32, 32, 32, 32, 32, 32, 32, 32, 32, 32, 32, 32, 32, 32, 32, 32, 32, 32, 32, 32, 32, 32, 32, 32, 32, 32, 32, 32, 32, 32, 32, 32, 32, 32, 32, 32, 32, 32, 32, 32, 32, 32, 32, 32, 32, 32, 32, 32, 32, 32, 32, 32, 32, 32, 32, 32, 32, 32, 32, 32, 32, 32, 32, 32, 32, 32, 32, 32, 32, 32, 32, 32, 32, 32, 32, 32, 32, 32, 32, 32, 32, 32, 32, 32, 32, 32, 32, 32, 32, 32, 32, 32, 32, 32, 32, 32, 32, 32, 32, 32, 32, 32, 32, 32, 32, 32, 32, 32, 32, 32, 32, 32, 32, 32, 32, 32, 32, 32, 32, 32, 32, 32, 32, 32, 43]
2011-08-27 02:41:07,657 XConio:DEBUG after(1):  [124, 45, 45, 45, 45, 45, 45, 45, 45, 45, 45, 45, 45, 45, 45, 45, 45, 45, 45, 45, 45, 45, 45, 45, 45, 45, 45, 45, 45, 45, 45, 45, 45, 45, 45, 45, 45, 45, 45, 45, 45, 45, 45, 45, 45, 45, 45, 45, 45, 45, 45, 45, 45, 45, 45, 45, 45, 45, 45, 45, 45, 45, 45, 45, 45, 45, 45, 45, 45, 45, 45, 45, 45, 45, 45, 45, 45, 45, 45, 45, 45, 45, 45, 45, 45, 45, 45, 45, 45, 45, 45, 45, 45, 45, 45, 45, 45, 45, 45, 45, 45, 45, 45, 45, 45, 45, 45, 45, 45, 45, 45, 45, 45, 45, 45, 45, 45, 45, 45, 45, 45, 45, 45, 45, 45, 45, 45, 92]
2011-08-27 02:41:07,657 XConio:DEBUG left=102 top=1 width=26 height=14
2011-08-27 02:41:07,657 XConio:DEBUG after(0):  [46, 45, 45, 45, 45, 45, 45, 45, 45, 45, 45, 45, 45, 45, 45, 45, 45, 45, 45, 45, 45, 45, 45, 45, 45, 42]
2011-08-27 02:41:07,657 XConio:DEBUG after(1):  [43, 32, 32, 32, 32, 32, 32, 32, 32, 32, 32, 32, 32, 32, 32, 32, 32, 32, 32, 32, 32, 32, 32, 32, 32, 43]
2011-08-27 02:41:07,657 XConio:DEBUG after(2):  [43, 32, 32, 32, 32, 32, 32, 32, 32, 32, 32, 32, 32, 32, 32, 32, 32, 32, 32, 32, 32, 32, 32, 32, 32, 43]
2011-08-27 02:41:07,657 XConio:DEBUG after(3):  [43, 32, 32, 32, 32, 32, 32, 32, 32, 32, 32, 32, 32, 32, 32, 32, 32, 32, 32, 32, 32, 32, 32, 32, 32, 43]
2011-08-27 02:41:07,657 XConio:DEBUG after(4):  [43, 32, 32, 32, 32, 32, 32, 32, 32, 32, 32, 32, 32, 32, 32, 32, 32, 32, 32, 32, 32, 32, 32, 32, 32, 43]
2011-08-27 02:41:07,657 XConio:DEBUG after(5):  [43, 32, 32, 32, 32, 32, 32, 32, 32, 32, 32, 32, 32, 32, 32, 32, 32, 32, 32, 32, 32, 32, 32, 32, 32, 43]
2011-08-27 02:41:07,657 XConio:DEBUG after(6):  [43, 32, 32, 32, 32, 32, 32, 32, 32, 32, 32, 32, 32, 32, 32, 32, 32, 32, 32, 32, 32, 32, 32, 32, 32, 43]
2011-08-27 02:41:07,658 XConio:DEBUG after(7):  [43, 32, 32, 32, 32, 32, 32, 32, 32, 32, 32, 32, 32, 32, 32, 32, 32, 32, 32, 32, 32, 32, 32, 32, 32, 43]
2011-08-27 02:41:07,658 XConio:DEBUG after(8):  [43, 32, 32, 32, 32, 32, 32, 32, 32, 32, 32, 32, 32, 32, 32, 32, 32, 32, 32, 32, 32, 32, 32, 32, 32, 43]
2011-08-27 02:41:07,658 XConio:DEBUG after(9):  [43, 32, 32, 32, 32, 32, 32, 32, 32, 32, 32, 32, 32, 32, 32, 32, 32, 32, 32, 32, 32, 32, 32, 32, 32, 43]
2011-08-27 02:41:07,658 XConio:DEBUG after(10):  [43, 32, 32, 32, 32, 32, 32, 32, 32, 32, 32, 32, 32, 32, 32, 32, 32, 32, 32, 32, 32, 32, 32, 32, 32, 43]
2011-08-27 02:41:07,658 XConio:DEBUG after(11):  [43, 32, 32, 32, 32, 32, 32, 32, 32, 32, 32, 32, 32, 32, 32, 32, 32, 32, 32, 32, 32, 32, 32, 32, 32, 43]
2011-08-27 02:41:07,658 XConio:DEBUG after(12):  [43, 32, 32, 32, 32, 32, 32, 32, 32, 32, 32, 32, 32, 32, 32, 32, 32, 32, 32, 32, 32, 32, 32, 32, 32, 43]
2011-08-27 02:41:07,658 XConio:DEBUG after(13):  [124, 45, 45, 45, 45, 45, 45, 45, 45, 45, 45, 45, 45, 45, 45, 45, 45, 45, 45, 45, 45, 45, 45, 45, 45, 92]
2011-08-27 02:41:07,658 XConio:DEBUG left=102 top=14 width=26 height=14
2011-08-27 02:41:07,658 XConio:DEBUG after(0):  [44, 45, 45, 45, 45, 45, 45, 45, 45, 45, 45, 45, 45, 45, 45, 45, 45, 45, 45, 45, 45, 45, 45, 45, 45, 42]
2011-08-27 02:41:07,658 XConio:DEBUG after(1):  [43, 32, 32, 32, 32, 32, 32, 32, 32, 32, 32, 32, 32, 32, 32, 32, 32, 32, 32, 32, 32, 32, 32, 32, 32, 43]
2011-08-27 02:41:07,658 XConio:DEBUG after(2):  [43, 32, 32, 32, 32, 32, 32, 32, 32, 32, 32, 32, 32, 32, 32, 32, 32, 32, 32, 32, 32, 32, 32, 32, 32, 43]
2011-08-27 02:41:07,658 XConio:DEBUG after(3):  [43, 32, 32, 32, 32, 32, 32, 32, 32, 32, 32, 32, 32, 32, 32, 32, 32, 32, 32, 32, 32, 32, 32, 32, 32, 43]
2011-08-27 02:41:07,658 XConio:DEBUG after(4):  [43, 32, 32, 32, 32, 32, 32, 32, 32, 32, 32, 32, 32, 32, 32, 32, 32, 32, 32, 32, 32, 32, 32, 32, 32, 43]
2011-08-27 02:41:07,658 XConio:DEBUG after(5):  [43, 32, 32, 32, 32, 32, 32, 32, 32, 32, 32, 32, 32, 32, 32, 32, 32, 32, 32, 32, 32, 32, 32, 32, 32, 43]
2011-08-27 02:41:07,659 XConio:DEBUG after(6):  [43, 32, 32, 32, 32, 32, 32, 32, 32, 32, 32, 32, 32, 32, 32, 32, 32, 32, 32, 32, 32, 32, 32, 32, 32, 43]
2011-08-27 02:41:07,659 XConio:DEBUG after(7):  [43, 32, 32, 32, 32, 32, 32, 32, 32, 32, 32, 32, 32, 32, 32, 32, 32, 32, 32, 32, 32, 32, 32, 32, 32, 43]
2011-08-27 02:41:07,659 XConio:DEBUG after(8):  [43, 32, 32, 32, 32, 32, 32, 32, 32, 32, 32, 32, 32, 32, 32, 32, 32, 32, 32, 32, 32, 32, 32, 32, 32, 43]
2011-08-27 02:41:07,659 XConio:DEBUG after(9):  [43, 32, 32, 32, 32, 32, 32, 32, 32, 32, 32, 32, 32, 32, 32, 32, 32, 32, 32, 32, 32, 32, 32, 32, 32, 43]
2011-08-27 02:41:07,659 XConio:DEBUG after(10):  [43, 32, 32, 32, 32, 32, 32, 32, 32, 32, 32, 32, 32, 32, 32, 32, 32, 32, 32, 32, 32, 32, 32, 32, 32, 43]
2011-08-27 02:41:07,659 XConio:DEBUG after(11):  [43, 32, 32, 32, 32, 32, 32, 32, 32, 32, 32, 32, 32, 32, 32, 32, 32, 32, 32, 32, 32, 32, 32, 32, 32, 43]
2011-08-27 02:41:07,659 XConio:DEBUG after(12):  [43, 32, 32, 32, 32, 32, 32, 32, 32, 32, 32, 32, 32, 32, 32, 32, 32, 32, 32, 32, 32, 32, 32, 32, 32, 43]
2011-08-27 02:41:07,659 XConio:DEBUG after(13):  [124, 45, 45, 45, 45, 45, 45, 45, 45, 45, 45, 45, 45, 45, 45, 45, 45, 45, 45, 45, 45, 45, 45, 45, 45, 92]
2011-08-27 02:41:07,659 XConio:DEBUG left=102 top=27 width=26 height=33
2011-08-27 02:41:07,659 XConio:DEBUG after(0):  [44, 45, 45, 45, 45, 45, 45, 45, 45, 45, 45, 45, 45, 45, 45, 45, 45, 45, 45, 45, 45, 45, 45, 45, 45, 42]
2011-08-27 02:41:07,659 XConio:DEBUG after(1):  [43, 32, 32, 32, 32, 32, 32, 32, 32, 32, 32, 32, 32, 32, 32, 32, 32, 32, 32, 32, 32, 32, 32, 32, 32, 43]
2011-08-27 02:41:07,659 XConio:DEBUG after(2):  [43, 32, 32, 32, 32, 32, 32, 32, 32, 32, 32, 32, 32, 32, 32, 32, 32, 32, 32, 32, 32, 32, 32, 32, 32, 43]
2011-08-27 02:41:07,659 XConio:DEBUG after(3):  [43, 32, 32, 32, 32, 32, 32, 32, 32, 32, 32, 32, 32, 32, 32, 32, 32, 32, 32, 32, 32, 32, 32, 32, 32, 43]
2011-08-27 02:41:07,659 XConio:DEBUG after(4):  [43, 32, 32, 32, 32, 32, 32, 32, 32, 32, 32, 32, 32, 32, 32, 32, 32, 32, 32, 32, 32, 32, 32, 32, 32, 43]
2011-08-27 02:41:07,660 XConio:DEBUG after(5):  [43, 32, 32, 32, 32, 32, 32, 32, 32, 32, 32, 32, 32, 32, 32, 32, 32, 32, 32, 32, 32, 32, 32, 32, 32, 43]
2011-08-27 02:41:07,660 XConio:DEBUG after(6):  [43, 32, 32, 32, 32, 32, 32, 32, 32, 32, 32, 32, 32, 32, 32, 32, 32, 32, 32, 32, 32, 32, 32, 32, 32, 43]
2011-08-27 02:41:07,660 XConio:DEBUG after(7):  [43, 32, 32, 32, 32, 32, 32, 32, 32, 32, 32, 32, 32, 32, 32, 32, 32, 32, 32, 32, 32, 32, 32, 32, 32, 43]
2011-08-27 02:41:07,660 XConio:DEBUG after(8):  [43, 32, 32, 32, 32, 32, 32, 32, 32, 32, 32, 32, 32, 32, 32, 32, 32, 32, 32, 32, 32, 32, 32, 32, 32, 43]
2011-08-27 02:41:07,660 XConio:DEBUG after(9):  [43, 32, 32, 32, 32, 32, 32, 32, 32, 32, 32, 32, 32, 32, 32, 32, 32, 32, 32, 32, 32, 32, 32, 32, 32, 43]
2011-08-27 02:41:07,660 XConio:DEBUG after(10):  [43, 32, 32, 32, 32, 32, 32, 32, 32, 32, 32, 32, 32, 32, 32, 32, 32, 32, 32, 32, 32, 32, 32, 32, 32, 43]
2011-08-27 02:41:07,660 XConio:DEBUG after(11):  [43, 32, 32, 32, 32, 32, 32, 32, 32, 32, 32, 32, 32, 32, 32, 32, 32, 32, 32, 32, 32, 32, 32, 32, 32, 43]
2011-08-27 02:41:07,660 XConio:DEBUG after(12):  [43, 32, 32, 32, 32, 32, 32, 32, 32, 32, 32, 32, 32, 32, 32, 32, 32, 32, 32, 32, 32, 32, 32, 32, 32, 43]
2011-08-27 02:41:07,660 XConio:DEBUG after(13):  [43, 32, 32, 32, 32, 32, 32, 32, 32, 32, 32, 32, 32, 32, 32, 32, 32, 32, 32, 32, 32, 32, 32, 32, 32, 43]
2011-08-27 02:41:07,660 XConio:DEBUG after(14):  [43, 32, 32, 32, 32, 32, 32, 32, 32, 32, 32, 32, 32, 32, 32, 32, 32, 32, 32, 32, 32, 32, 32, 32, 32, 43]
2011-08-27 02:41:07,660 XConio:DEBUG after(15):  [43, 32, 32, 32, 32, 32, 32, 32, 32, 32, 32, 32, 32, 32, 32, 32, 32, 32, 32, 32, 32, 32, 32, 32, 32, 43]
2011-08-27 02:41:07,660 XConio:DEBUG after(16):  [43, 32, 32, 32, 32, 32, 32, 32, 32, 32, 32, 32, 32, 32, 32, 32, 32, 32, 32, 32, 32, 32, 32, 32, 32, 43]
2011-08-27 02:41:07,660 XConio:DEBUG after(17):  [43, 32, 32, 32, 32, 32, 32, 32, 32, 32, 32, 32, 32, 32, 32, 32, 32, 32, 32, 32, 32, 32, 32, 32, 32, 43]
2011-08-27 02:41:07,660 XConio:DEBUG after(18):  [43, 32, 32, 32, 32, 32, 32, 32, 32, 32, 32, 32, 32, 32, 32, 32, 32, 32, 32, 32, 32, 32, 32, 32, 32, 43]
2011-08-27 02:41:07,660 XConio:DEBUG after(19):  [43, 32, 32, 32, 32, 32, 32, 32, 32, 32, 32, 32, 32, 32, 32, 32, 32, 32, 32, 32, 32, 32, 32, 32, 32, 43]
2011-08-27 02:41:07,661 XConio:DEBUG after(20):  [43, 32, 32, 32, 32, 32, 32, 32, 32, 32, 32, 32, 32, 32, 32, 32, 32, 32, 32, 32, 32, 32, 32, 32, 32, 43]
2011-08-27 02:41:07,661 XConio:DEBUG after(21):  [43, 32, 32, 32, 32, 32, 32, 32, 32, 32, 32, 32, 32, 32, 32, 32, 32, 32, 32, 32, 32, 32, 32, 32, 32, 43]
2011-08-27 02:41:07,661 XConio:DEBUG after(22):  [43, 32, 32, 32, 32, 32, 32, 32, 32, 32, 32, 32, 32, 32, 32, 32, 32, 32, 32, 32, 32, 32, 32, 32, 32, 43]
2011-08-27 02:41:07,661 XConio:DEBUG after(23):  [43, 32, 32, 32, 32, 32, 32, 32, 32, 32, 32, 32, 32, 32, 32, 32, 32, 32, 32, 32, 32, 32, 32, 32, 32, 43]
2011-08-27 02:41:07,661 XConio:DEBUG after(24):  [43, 32, 32, 32, 32, 32, 32, 32, 32, 32, 32, 32, 32, 32, 32, 32, 32, 32, 32, 32, 32, 32, 32, 32, 32, 43]
2011-08-27 02:41:07,661 XConio:DEBUG after(25):  [43, 32, 32, 32, 32, 32, 32, 32, 32, 32, 32, 32, 32, 32, 32, 32, 32, 32, 32, 32, 32, 32, 32, 32, 32, 43]
2011-08-27 02:41:07,661 XConio:DEBUG after(26):  [43, 32, 32, 32, 32, 32, 32, 32, 32, 32, 32, 32, 32, 32, 32, 32, 32, 32, 32, 32, 32, 32, 32, 32, 32, 43]
2011-08-27 02:41:07,661 XConio:DEBUG after(27):  [43, 32, 32, 32, 32, 32, 32, 32, 32, 32, 32, 32, 32, 32, 32, 32, 32, 32, 32, 32, 32, 32, 32, 32, 32, 43]
2011-08-27 02:41:07,661 XConio:DEBUG after(28):  [43, 32, 32, 32, 32, 32, 32, 32, 32, 32, 32, 32, 32, 32, 32, 32, 32, 32, 32, 32, 32, 32, 32, 32, 32, 43]
2011-08-27 02:41:07,661 XConio:DEBUG after(29):  [43, 32, 32, 32, 32, 32, 32, 32, 32, 32, 32, 32, 32, 32, 32, 32, 32, 32, 32, 32, 32, 32, 32, 32, 32, 43]
2011-08-27 02:41:07,661 XConio:DEBUG after(30):  [43, 32, 32, 32, 32, 32, 32, 32, 32, 32, 32, 32, 32, 32, 32, 32, 32, 32, 32, 32, 32, 32, 32, 32, 32, 43]
2011-08-27 02:41:07,661 XConio:DEBUG after(31):  [43, 32, 32, 32, 32, 32, 32, 32, 32, 32, 32, 32, 32, 32, 32, 32, 32, 32, 32, 32, 32, 32, 32, 32, 32, 43]
2011-08-27 02:41:07,661 XConio:DEBUG after(32):  [124, 45, 45, 45, 45, 45, 45, 45, 45, 45, 45, 45, 45, 45, 45, 45, 45, 45, 45, 45, 45, 45, 45, 45, 45, 92]
2011-08-27 02:41:07,662 XConio:DEBUG left=1 top=3 width=97 height=58
2011-08-27 02:41:07,662 XConio:DEBUG after(0):  [32, 32, 32, 32, 32, 32, 32, 32, 32, 32, 32, 32, 32, 32, 32, 32, 32, 32, 32, 32, 32, 32, 32, 32, 32, 32, 32, 32, 32, 32, 32, 32, 32, 32, 32, 32, 32, 32, 32, 32, 32, 32, 32, 32, 32, 32, 32, 32, 32, 32, 32, 32, 32, 32, 32, 32, 32, 32, 32, 32, 32, 32, 32, 32, 32, 32, 32, 32, 32, 32, 32, 32, 32, 32, 32, 32, 32, 32, 32, 32, 32, 32, 32, 32, 32, 32, 32, 32, 32, 32, 32, 32, 32, 32, 32, 32, 32]
2011-08-27 02:41:07,662 XConio:DEBUG after(1):  [32, 32, 32, 32, 32, 32, 32, 32, 32, 32, 32, 32, 32, 32, 32, 32, 32, 32, 32, 32, 32, 32, 32, 32, 32, 32, 32, 32, 32, 32, 32, 32, 32, 32, 32, 32, 32, 32, 32, 32, 32, 32, 32, 32, 32, 32, 32, 32, 32, 32, 32, 32, 32, 32, 32, 32, 32, 32, 32, 32, 32, 32, 32, 32, 32, 32, 32, 32, 32, 32, 32, 32, 32, 32, 32, 32, 32, 32, 32, 32, 32, 32, 32, 32, 32, 32, 32, 32, 32, 32, 32, 32, 32, 32, 32, 32, 32]
2011-08-27 02:41:07,662 XConio:DEBUG after(2):  [32, 32, 32, 32, 32, 32, 32, 32, 32, 32, 32, 32, 32, 32, 32, 32, 32, 32, 32, 32, 32, 32, 32, 32, 32, 32, 32, 32, 32, 32, 32, 32, 32, 32, 32, 32, 32, 32, 32, 32, 32, 32, 32, 32, 32, 32, 32, 32, 32, 32, 32, 32, 32, 32, 32, 32, 32, 32, 32, 32, 32, 32, 32, 32, 32, 32, 32, 32, 32, 32, 32, 32, 32, 32, 32, 32, 32, 32, 32, 32, 32, 32, 32, 32, 32, 32, 32, 32, 32, 32, 32, 32, 32, 32, 32, 32, 32]
2011-08-27 02:41:07,662 XConio:DEBUG after(3):  [32, 32, 32, 32, 32, 32, 32, 32, 32, 32, 32, 32, 32, 32, 32, 32, 32, 32, 32, 32, 32, 32, 32, 32, 32, 32, 32, 32, 32, 32, 32, 32, 32, 32, 32, 32, 32, 32, 32, 32, 32, 32, 32, 32, 32, 32, 32, 32, 32, 32, 32, 32, 32, 32, 32, 32, 32, 32, 32, 32, 32, 32, 32, 32, 32, 32, 32, 32, 32, 32, 32, 32, 32, 32, 32, 32, 32, 32, 32, 32, 32, 32, 32, 32, 32, 32, 32, 32, 32, 32, 32, 32, 32, 32, 32, 32, 32]
2011-08-27 02:41:07,662 XConio:DEBUG after(4):  [32, 32, 32, 32, 32, 32, 32, 32, 32, 32, 32, 32, 32, 32, 32, 32, 32, 32, 32, 32, 32, 32, 32, 32, 32, 32, 32, 32, 32, 32, 32, 32, 32, 32, 32, 32, 32, 32, 32, 32, 32, 32, 32, 32, 32, 32, 32, 32, 32, 32, 32, 32, 32, 32, 32, 32, 32, 32, 32, 32, 32, 32, 32, 32, 32, 32, 32, 32, 32, 32, 32, 32, 32, 32, 32, 32, 32, 32, 32, 32, 32, 32, 32, 32, 32, 32, 32, 32, 32, 32, 32, 32, 32, 32, 32, 32, 32]
2011-08-27 02:41:07,662 XConio:DEBUG after(5):  [32, 32, 32, 32, 32, 32, 32, 32, 32, 32, 32, 32, 32, 32, 32, 32, 32, 32, 32, 32, 32, 32, 32, 32, 32, 32, 32, 32, 32, 32, 32, 32, 32, 32, 32, 32, 32, 32, 32, 32, 32, 32, 32, 32, 32, 32, 32, 32, 32, 32, 32, 32, 32, 32, 32, 32, 32, 32, 32, 32, 32, 32, 32, 32, 32, 32, 32, 32, 32, 32, 32, 32, 32, 32, 32, 32, 32, 32, 32, 32, 32, 32, 32, 32, 32, 32, 32, 32, 32, 32, 32, 32, 32, 32, 32, 32, 32]
2011-08-27 02:41:07,662 XConio:DEBUG after(6):  [32, 32, 32, 32, 32, 32, 32, 32, 32, 32, 32, 32, 32, 32, 32, 32, 32, 32, 32, 32, 32, 32, 32, 32, 32, 32, 32, 32, 32, 32, 32, 32, 32, 32, 32, 32, 32, 32, 32, 32, 32, 32, 32, 32, 32, 32, 32, 32, 32, 32, 32, 32, 32, 32, 32, 32, 32, 32, 32, 32, 32, 32, 32, 32, 32, 32, 32, 32, 32, 32, 32, 32, 32, 32, 32, 32, 32, 32, 32, 32, 32, 32, 32, 32, 32, 32, 32, 32, 32, 32, 32, 32, 32, 32, 32, 32, 32]
2011-08-27 02:41:07,663 XConio:DEBUG after(7):  [32, 32, 32, 32, 32, 32, 32, 32, 32, 32, 32, 32, 32, 32, 32, 32, 32, 32, 32, 32, 32, 32, 32, 32, 32, 32, 32, 32, 32, 32, 32, 32, 32, 32, 32, 32, 32, 32, 32, 32, 32, 32, 32, 32, 32, 32, 32, 32, 32, 32, 32, 32, 32, 32, 32, 32, 32, 32, 32, 32, 32, 32, 32, 32, 32, 32, 32, 32, 32, 32, 32, 32, 32, 32, 32, 32, 32, 32, 32, 32, 32, 32, 32, 32, 32, 32, 32, 32, 32, 32, 32, 32, 32, 32, 32, 32, 32]
2011-08-27 02:41:07,663 XConio:DEBUG after(8):  [32, 32, 32, 32, 32, 32, 32, 32, 32, 32, 32, 32, 32, 32, 32, 32, 32, 32, 32, 32, 32, 32, 32, 32, 32, 32, 32, 32, 32, 32, 32, 32, 32, 32, 32, 32, 32, 32, 32, 32, 32, 32, 32, 32, 32, 32, 32, 32, 32, 32, 32, 32, 32, 32, 32, 32, 32, 32, 32, 32, 32, 32, 32, 32, 32, 32, 32, 32, 32, 32, 32, 32, 32, 32, 32, 32, 32, 32, 32, 32, 32, 32, 32, 32, 32, 32, 32, 32, 32, 32, 32, 32, 32, 32, 32, 32, 32]
2011-08-27 02:41:07,663 XConio:DEBUG after(9):  [32, 32, 32, 32, 32, 32, 32, 32, 32, 32, 32, 32, 32, 32, 32, 32, 32, 32, 32, 32, 32, 32, 32, 32, 32, 32, 32, 32, 32, 32, 32, 32, 32, 32, 32, 32, 32, 32, 32, 32, 32, 32, 32, 32, 32, 32, 32, 32, 32, 32, 32, 32, 32, 32, 32, 32, 32, 32, 32, 32, 32, 32, 32, 32, 32, 32, 32, 32, 32, 32, 32, 32, 32, 32, 32, 32, 32, 32, 32, 32, 32, 32, 32, 32, 32, 32, 32, 32, 32, 32, 32, 32, 32, 32, 32, 32, 32]
2011-08-27 02:41:07,663 XConio:DEBUG after(10):  [32, 32, 32, 32, 32, 32, 32, 32, 32, 32, 32, 32, 32, 32, 32, 32, 32, 32, 32, 32, 32, 32, 32, 32, 32, 32, 32, 32, 32, 32, 32, 32, 32, 32, 32, 32, 32, 32, 32, 32, 32, 32, 32, 32, 32, 32, 32, 32, 32, 32, 32, 32, 32, 32, 32, 32, 32, 32, 32, 32, 32, 32, 32, 32, 32, 32, 32, 32, 32, 32, 32, 32, 32, 32, 32, 32, 32, 32, 32, 32, 32, 32, 32, 32, 32, 32, 32, 32, 32, 32, 32, 32, 32, 32, 32, 32, 32]
2011-08-27 02:41:07,663 XConio:DEBUG after(11):  [32, 32, 32, 32, 32, 32, 32, 32, 32, 32, 32, 32, 32, 32, 32, 32, 32, 32, 32, 32, 32, 32, 32, 32, 32, 32, 32, 32, 32, 32, 32, 32, 32, 32, 32, 32, 32, 32, 32, 32, 32, 32, 32, 32, 32, 32, 32, 32, 32, 32, 32, 32, 32, 32, 32, 32, 32, 32, 32, 32, 32, 32, 32, 32, 32, 32, 32, 32, 32, 32, 32, 32, 32, 32, 32, 32, 32, 32, 32, 32, 32, 32, 32, 32, 32, 32, 32, 32, 32, 32, 32, 32, 32, 32, 32, 32, 32]
2011-08-27 02:41:07,663 XConio:DEBUG after(12):  [32, 32, 32, 32, 32, 32, 32, 32, 32, 32, 32, 32, 32, 32, 32, 32, 32, 32, 32, 32, 32, 32, 32, 32, 32, 32, 32, 32, 32, 32, 32, 32, 32, 32, 32, 32, 32, 32, 32, 32, 32, 32, 32, 32, 32, 32, 32, 32, 32, 32, 32, 32, 32, 32, 32, 32, 32, 32, 32, 32, 32, 32, 32, 32, 32, 32, 32, 32, 32, 32, 32, 32, 32, 32, 32, 32, 32, 32, 32, 32, 32, 32, 32, 32, 32, 32, 32, 32, 32, 32, 32, 32, 32, 32, 32, 32, 32]
2011-08-27 02:41:07,663 XConio:DEBUG after(13):  [32, 32, 32, 32, 32, 32, 32, 32, 32, 32, 32, 32, 32, 32, 32, 32, 32, 32, 32, 32, 32, 32, 32, 32, 32, 32, 32, 32, 32, 32, 32, 32, 32, 32, 32, 32, 32, 32, 32, 32, 32, 32, 32, 32, 32, 32, 32, 32, 32, 32, 32, 32, 32, 32, 32, 32, 32, 32, 32, 32, 32, 32, 32, 32, 32, 32, 32, 32, 32, 32, 32, 32, 32, 32, 32, 32, 32, 32, 32, 32, 32, 32, 32, 32, 32, 32, 32, 32, 32, 32, 32, 32, 32, 32, 32, 32, 32]
2011-08-27 02:41:07,663 XConio:DEBUG after(14):  [32, 32, 32, 32, 32, 32, 32, 32, 32, 32, 32, 32, 32, 32, 32, 32, 32, 32, 32, 32, 32, 32, 32, 32, 32, 32, 32, 32, 32, 32, 32, 32, 32, 32, 32, 32, 32, 32, 32, 32, 32, 32, 32, 32, 32, 32, 32, 32, 32, 32, 32, 32, 32, 32, 32, 32, 32, 32, 32, 32, 32, 32, 32, 32, 32, 32, 32, 32, 32, 32, 32, 32, 32, 32, 32, 32, 32, 32, 32, 32, 32, 32, 32, 32, 32, 32, 32, 32, 32, 32, 32, 32, 32, 32, 32, 32, 32]
2011-08-27 02:41:07,664 XConio:DEBUG after(15):  [32, 32, 32, 32, 32, 32, 32, 32, 32, 32, 32, 32, 32, 32, 32, 32, 32, 32, 32, 32, 32, 32, 32, 32, 32, 32, 32, 32, 32, 32, 32, 32, 32, 32, 32, 32, 32, 32, 32, 32, 32, 32, 32, 32, 32, 32, 32, 32, 32, 32, 32, 32, 32, 32, 32, 32, 32, 32, 32, 32, 32, 32, 32, 32, 32, 32, 32, 32, 32, 32, 32, 32, 32, 32, 32, 32, 32, 32, 32, 32, 32, 32, 32, 32, 32, 32, 32, 32, 32, 32, 32, 32, 32, 32, 32, 32, 32]
2011-08-27 02:41:07,664 XConio:DEBUG after(16):  [32, 32, 32, 32, 32, 32, 32, 32, 32, 32, 32, 32, 32, 32, 32, 32, 32, 32, 32, 32, 32, 32, 32, 32, 32, 32, 32, 32, 32, 32, 32, 32, 32, 32, 32, 32, 32, 32, 32, 32, 32, 32, 32, 32, 32, 32, 32, 32, 32, 32, 32, 32, 32, 32, 32, 32, 32, 32, 32, 32, 32, 32, 32, 32, 32, 32, 32, 32, 32, 32, 32, 32, 32, 32, 32, 32, 32, 32, 32, 32, 32, 32, 32, 32, 32, 32, 32, 32, 32, 32, 32, 32, 32, 32, 32, 32, 32]
2011-08-27 02:41:07,664 XConio:DEBUG after(17):  [32, 32, 32, 32, 32, 32, 32, 32, 32, 32, 32, 32, 32, 32, 32, 32, 32, 32, 32, 32, 32, 32, 32, 32, 32, 32, 32, 32, 32, 32, 32, 32, 32, 32, 32, 32, 32, 32, 32, 32, 32, 32, 32, 32, 32, 32, 32, 32, 32, 32, 32, 32, 32, 32, 32, 32, 32, 32, 32, 32, 32, 32, 32, 32, 32, 32, 32, 32, 32, 32, 32, 32, 32, 32, 32, 32, 32, 32, 32, 32, 32, 32, 32, 32, 32, 32, 32, 32, 32, 32, 32, 32, 32, 32, 32, 32, 32]
2011-08-27 02:41:07,664 XConio:DEBUG after(18):  [32, 32, 32, 32, 32, 32, 32, 32, 32, 32, 32, 32, 32, 32, 32, 32, 32, 32, 32, 32, 32, 32, 32, 32, 32, 32, 32, 32, 32, 32, 32, 32, 32, 32, 32, 32, 32, 32, 32, 32, 32, 32, 32, 32, 32, 32, 32, 32, 32, 32, 32, 32, 32, 32, 32, 32, 32, 32, 32, 32, 32, 32, 32, 32, 32, 32, 32, 32, 32, 32, 32, 32, 32, 32, 32, 32, 32, 32, 32, 32, 32, 32, 32, 32, 32, 32, 32, 32, 32, 32, 32, 32, 32, 32, 32, 32, 32]
2011-08-27 02:41:07,664 XConio:DEBUG after(19):  [32, 32, 32, 32, 32, 32, 32, 32, 32, 32, 32, 32, 32, 32, 32, 32, 32, 32, 32, 32, 32, 32, 32, 32, 32, 32, 32, 32, 32, 32, 32, 32, 32, 32, 32, 32, 32, 32, 32, 32, 32, 32, 32, 32, 32, 32, 32, 32, 32, 32, 32, 32, 32, 32, 32, 32, 32, 32, 32, 32, 32, 32, 32, 32, 32, 32, 32, 32, 32, 32, 32, 32, 32, 32, 32, 32, 32, 32, 32, 32, 32, 32, 32, 32, 32, 32, 32, 32, 32, 32, 32, 32, 32, 32, 32, 32, 32]
2011-08-27 02:41:07,664 XConio:DEBUG after(20):  [32, 32, 32, 32, 32, 32, 32, 32, 32, 32, 32, 32, 32, 32, 32, 32, 32, 32, 32, 32, 32, 32, 32, 32, 32, 32, 32, 32, 32, 32, 32, 32, 32, 32, 32, 32, 32, 32, 32, 32, 32, 32, 32, 32, 32, 32, 32, 32, 32, 32, 32, 32, 32, 32, 32, 32, 32, 32, 32, 32, 32, 32, 32, 32, 32, 32, 32, 32, 32, 32, 32, 32, 32, 32, 32, 32, 32, 32, 32, 32, 32, 32, 32, 32, 32, 32, 32, 32, 32, 32, 32, 32, 32, 32, 32, 32, 32]
2011-08-27 02:41:07,664 XConio:DEBUG after(21):  [32, 32, 32, 32, 32, 32, 32, 32, 32, 32, 32, 32, 32, 32, 32, 32, 32, 32, 32, 32, 32, 32, 32, 32, 32, 32, 32, 32, 32, 32, 32, 32, 32, 32, 32, 32, 32, 32, 32, 32, 32, 32, 32, 32, 32, 32, 32, 32, 32, 32, 32, 32, 32, 32, 32, 32, 32, 32, 32, 32, 32, 32, 32, 32, 32, 32, 32, 32, 32, 32, 32, 32, 32, 32, 32, 32, 32, 32, 32, 32, 32, 32, 32, 32, 32, 32, 32, 32, 32, 32, 32, 32, 32, 32, 32, 32, 32]
2011-08-27 02:41:07,664 XConio:DEBUG after(22):  [32, 32, 32, 32, 32, 32, 32, 32, 32, 32, 32, 32, 32, 32, 32, 32, 32, 32, 32, 32, 32, 32, 32, 32, 32, 32, 32, 32, 32, 32, 32, 32, 32, 32, 32, 32, 32, 32, 32, 32, 32, 32, 32, 32, 32, 32, 32, 32, 32, 32, 32, 32, 32, 32, 32, 32, 32, 32, 32, 32, 32, 32, 32, 32, 32, 32, 32, 32, 32, 32, 32, 32, 32, 32, 32, 32, 32, 32, 32, 32, 32, 32, 32, 32, 32, 32, 32, 32, 32, 32, 32, 32, 32, 32, 32, 32, 32]
2011-08-27 02:41:07,665 XConio:DEBUG after(23):  [32, 32, 32, 32, 32, 32, 32, 32, 32, 32, 32, 32, 32, 32, 32, 32, 32, 32, 32, 32, 32, 32, 32, 32, 32, 32, 32, 32, 32, 32, 32, 32, 32, 32, 32, 32, 32, 32, 32, 32, 32, 32, 32, 32, 32, 32, 32, 32, 32, 32, 32, 32, 32, 32, 32, 32, 32, 32, 32, 32, 32, 32, 32, 32, 32, 32, 32, 32, 32, 32, 32, 32, 32, 32, 32, 32, 32, 32, 32, 32, 32, 32, 32, 32, 32, 32, 32, 32, 32, 32, 32, 32, 32, 32, 32, 32, 32]
2011-08-27 02:41:07,665 XConio:DEBUG after(24):  [32, 32, 32, 32, 32, 32, 32, 32, 32, 32, 32, 32, 32, 32, 32, 32, 32, 32, 32, 32, 32, 32, 32, 32, 32, 32, 32, 32, 32, 32, 32, 32, 32, 32, 32, 32, 32, 32, 32, 32, 32, 32, 32, 32, 32, 32, 32, 32, 32, 32, 32, 32, 32, 32, 32, 32, 32, 32, 32, 32, 32, 32, 32, 32, 32, 32, 32, 32, 32, 32, 32, 32, 32, 32, 32, 32, 32, 32, 32, 32, 32, 32, 32, 32, 32, 32, 32, 32, 32, 32, 32, 32, 32, 32, 32, 32, 32]
2011-08-27 02:41:07,665 XConio:DEBUG after(25):  [32, 32, 32, 32, 32, 32, 32, 32, 32, 32, 32, 32, 32, 32, 32, 32, 32, 32, 32, 32, 32, 32, 32, 32, 32, 32, 32, 32, 32, 32, 32, 32, 32, 32, 32, 32, 32, 32, 32, 32, 32, 32, 32, 32, 32, 32, 32, 32, 32, 32, 32, 32, 32, 32, 32, 32, 32, 32, 32, 32, 32, 32, 32, 32, 32, 32, 32, 32, 32, 32, 32, 32, 32, 32, 32, 32, 32, 32, 32, 32, 32, 32, 32, 32, 32, 32, 32, 32, 32, 32, 32, 32, 32, 32, 32, 32, 32]
2011-08-27 02:41:07,665 XConio:DEBUG after(26):  [32, 32, 32, 32, 32, 32, 32, 32, 32, 32, 32, 32, 32, 32, 32, 32, 32, 32, 32, 32, 32, 32, 32, 32, 32, 32, 32, 32, 32, 32, 32, 32, 32, 32, 32, 32, 32, 32, 32, 32, 32, 32, 32, 32, 32, 32, 32, 32, 32, 32, 32, 32, 32, 32, 32, 32, 32, 32, 32, 32, 32, 32, 32, 32, 32, 32, 32, 32, 32, 32, 32, 32, 32, 32, 32, 32, 32, 32, 32, 32, 32, 32, 32, 32, 32, 32, 32, 32, 32, 32, 32, 32, 32, 32, 32, 32, 32]
2011-08-27 02:41:07,665 XConio:DEBUG after(27):  [32, 32, 32, 32, 32, 32, 32, 32, 32, 32, 32, 32, 32, 32, 32, 32, 32, 32, 32, 32, 32, 32, 32, 32, 32, 32, 32, 32, 32, 32, 32, 32, 32, 32, 32, 32, 32, 32, 32, 32, 32, 32, 32, 32, 32, 32, 32, 32, 32, 32, 32, 32, 32, 32, 32, 32, 32, 32, 32, 32, 32, 32, 32, 32, 32, 32, 32, 32, 32, 32, 32, 32, 32, 32, 32, 32, 32, 32, 32, 32, 32, 32, 32, 32, 32, 32, 32, 32, 32, 32, 32, 32, 32, 32, 32, 32, 32]
2011-08-27 02:41:07,665 XConio:DEBUG after(28):  [32, 32, 32, 32, 32, 32, 32, 32, 32, 32, 32, 32, 32, 32, 32, 32, 32, 32, 32, 32, 32, 32, 32, 32, 32, 32, 32, 32, 32, 32, 32, 32, 32, 32, 32, 32, 32, 32, 32, 32, 32, 32, 32, 32, 32, 32, 32, 32, 32, 32, 32, 32, 32, 32, 32, 32, 32, 32, 32, 32, 32, 32, 32, 32, 32, 32, 32, 32, 32, 32, 32, 32, 32, 32, 32, 32, 32, 32, 32, 32, 32, 32, 32, 32, 32, 32, 32, 32, 32, 32, 32, 32, 32, 32, 32, 32, 32]
2011-08-27 02:41:07,665 XConio:DEBUG after(29):  [32, 32, 32, 32, 32, 32, 32, 32, 32, 32, 32, 32, 32, 32, 32, 32, 32, 32, 32, 32, 32, 32, 32, 32, 32, 32, 32, 32, 32, 32, 32, 32, 32, 32, 32, 32, 32, 32, 32, 32, 32, 32, 32, 32, 32, 32, 32, 32, 32, 32, 32, 32, 32, 32, 32, 32, 32, 32, 32, 32, 32, 32, 32, 32, 32, 32, 32, 32, 32, 32, 32, 32, 32, 32, 32, 32, 32, 32, 32, 32, 32, 32, 32, 32, 32, 32, 32, 32, 32, 32, 32, 32, 32, 32, 32, 32, 32]
2011-08-27 02:41:07,665 XConio:DEBUG after(30):  [32, 32, 32, 32, 32, 32, 32, 32, 32, 32, 32, 32, 32, 32, 32, 32, 32, 32, 32, 32, 32, 32, 32, 32, 32, 32, 32, 32, 32, 32, 32, 32, 32, 32, 32, 32, 32, 32, 32, 32, 32, 32, 32, 32, 32, 32, 32, 32, 32, 32, 32, 32, 32, 32, 32, 32, 32, 32, 32, 32, 32, 32, 32, 32, 32, 32, 32, 32, 32, 32, 32, 32, 32, 32, 32, 32, 32, 32, 32, 32, 32, 32, 32, 32, 32, 32, 32, 32, 32, 32, 32, 32, 32, 32, 32, 32, 32]
2011-08-27 02:41:07,666 XConio:DEBUG after(31):  [32, 32, 32, 32, 32, 32, 32, 32, 32, 32, 32, 32, 32, 32, 32, 32, 32, 32, 32, 32, 32, 32, 32, 32, 32, 32, 32, 32, 32, 32, 32, 32, 32, 32, 32, 32, 32, 32, 32, 32, 32, 32, 32, 32, 32, 32, 32, 32, 32, 32, 32, 32, 32, 32, 32, 32, 32, 32, 32, 32, 32, 32, 32, 32, 32, 32, 32, 32, 32, 32, 32, 32, 32, 32, 32, 32, 32, 32, 32, 32, 32, 32, 32, 32, 32, 32, 32, 32, 32, 32, 32, 32, 32, 32, 32, 32, 32]
2011-08-27 02:41:07,666 XConio:DEBUG after(32):  [32, 32, 32, 32, 32, 32, 32, 32, 32, 32, 32, 32, 32, 32, 32, 32, 32, 32, 32, 32, 32, 32, 32, 32, 32, 32, 32, 32, 32, 32, 32, 32, 32, 32, 32, 32, 32, 32, 32, 32, 32, 32, 32, 32, 32, 32, 32, 32, 32, 32, 32, 32, 32, 32, 32, 32, 32, 32, 32, 32, 32, 32, 32, 32, 32, 32, 32, 32, 32, 32, 32, 32, 32, 32, 32, 32, 32, 32, 32, 32, 32, 32, 32, 32, 32, 32, 32, 32, 32, 32, 32, 32, 32, 32, 32, 32, 32]
2011-08-27 02:41:07,666 XConio:DEBUG after(33):  [32, 32, 32, 32, 32, 32, 32, 32, 32, 32, 32, 32, 32, 32, 32, 32, 32, 32, 32, 32, 32, 32, 32, 32, 32, 32, 32, 32, 32, 32, 32, 32, 32, 32, 32, 32, 32, 32, 32, 32, 32, 32, 32, 32, 32, 32, 32, 32, 32, 32, 32, 32, 32, 32, 32, 32, 32, 32, 32, 32, 32, 32, 32, 32, 32, 32, 32, 32, 32, 32, 32, 32, 32, 32, 32, 32, 32, 32, 32, 32, 32, 32, 32, 32, 32, 32, 32, 32, 32, 32, 32, 32, 32, 32, 32, 32, 32]
2011-08-27 02:41:07,666 XConio:DEBUG after(34):  [32, 32, 32, 32, 32, 32, 32, 32, 32, 32, 32, 32, 32, 32, 32, 32, 32, 32, 32, 32, 32, 32, 32, 32, 32, 32, 32, 32, 32, 32, 32, 32, 32, 32, 32, 32, 32, 32, 32, 32, 32, 32, 32, 32, 32, 32, 32, 32, 32, 32, 32, 32, 32, 32, 32, 32, 32, 32, 32, 32, 32, 32, 32, 32, 32, 32, 32, 32, 32, 32, 32, 32, 32, 32, 32, 32, 32, 32, 32, 32, 32, 32, 32, 32, 32, 32, 32, 32, 32, 32, 32, 32, 32, 32, 32, 32, 32]
2011-08-27 02:41:07,666 XConio:DEBUG after(35):  [32, 32, 32, 32, 32, 32, 32, 32, 32, 32, 32, 32, 32, 32, 32, 32, 32, 32, 32, 32, 32, 32, 32, 32, 32, 32, 32, 32, 32, 32, 32, 32, 32, 32, 32, 32, 32, 32, 32, 32, 32, 32, 32, 32, 32, 32, 32, 32, 32, 32, 32, 32, 32, 32, 32, 32, 32, 32, 32, 32, 32, 32, 32, 32, 32, 32, 32, 32, 32, 32, 32, 32, 32, 32, 32, 32, 32, 32, 32, 32, 32, 32, 32, 32, 32, 32, 32, 32, 32, 32, 32, 32, 32, 32, 32, 32, 32]
2011-08-27 02:41:07,666 XConio:DEBUG after(36):  [32, 32, 32, 32, 32, 32, 32, 32, 32, 32, 32, 32, 32, 32, 32, 32, 32, 32, 32, 32, 32, 32, 32, 32, 32, 32, 32, 32, 32, 32, 32, 32, 32, 32, 32, 32, 32, 32, 32, 32, 32, 32, 32, 32, 32, 32, 32, 32, 32, 32, 32, 32, 32, 32, 32, 32, 32, 32, 32, 32, 32, 32, 32, 32, 32, 32, 32, 32, 32, 32, 32, 32, 32, 32, 32, 32, 32, 32, 32, 32, 32, 32, 32, 32, 32, 32, 32, 32, 32, 32, 32, 32, 32, 32, 32, 32, 32]
2011-08-27 02:41:07,666 XConio:DEBUG after(37):  [32, 32, 32, 32, 32, 32, 32, 32, 32, 32, 32, 32, 32, 32, 32, 32, 32, 32, 32, 32, 32, 32, 32, 32, 32, 32, 32, 32, 32, 32, 32, 32, 32, 32, 32, 32, 32, 32, 32, 32, 32, 32, 32, 32, 32, 32, 32, 32, 32, 32, 32, 32, 32, 32, 32, 32, 32, 32, 32, 32, 32, 32, 32, 32, 32, 32, 32, 32, 32, 32, 32, 32, 32, 32, 32, 32, 32, 32, 32, 32, 32, 32, 32, 32, 32, 32, 32, 32, 32, 32, 32, 32, 32, 32, 32, 32, 32]
2011-08-27 02:41:07,666 XConio:DEBUG after(38):  [32, 32, 32, 32, 32, 32, 32, 32, 32, 32, 32, 32, 32, 32, 32, 32, 32, 32, 32, 32, 32, 32, 32, 32, 32, 32, 32, 32, 32, 32, 32, 32, 32, 32, 32, 32, 32, 32, 32, 32, 32, 32, 32, 32, 32, 32, 32, 32, 32, 32, 32, 32, 32, 32, 32, 32, 32, 32, 32, 32, 32, 32, 32, 32, 32, 32, 32, 32, 32, 32, 32, 32, 32, 32, 32, 32, 32, 32, 32, 32, 32, 32, 32, 32, 32, 32, 32, 32, 32, 32, 32, 32, 32, 32, 32, 32, 32]
2011-08-27 02:41:07,667 XConio:DEBUG after(39):  [32, 32, 32, 32, 32, 32, 32, 32, 32, 32, 32, 32, 32, 32, 32, 32, 32, 32, 32, 32, 32, 32, 32, 32, 32, 32, 32, 32, 32, 32, 32, 32, 32, 32, 32, 32, 32, 32, 32, 32, 32, 32, 32, 32, 32, 32, 32, 32, 32, 32, 32, 32, 32, 32, 32, 32, 32, 32, 32, 32, 32, 32, 32, 32, 32, 32, 32, 32, 32, 32, 32, 32, 32, 32, 32, 32, 32, 32, 32, 32, 32, 32, 32, 32, 32, 32, 32, 32, 32, 32, 32, 32, 32, 32, 32, 32, 32]
2011-08-27 02:41:07,667 XConio:DEBUG after(40):  [32, 32, 32, 32, 32, 32, 32, 32, 32, 32, 32, 32, 32, 32, 32, 32, 32, 32, 32, 32, 32, 32, 32, 32, 32, 32, 32, 32, 32, 32, 32, 32, 32, 32, 32, 32, 32, 32, 32, 32, 32, 32, 32, 32, 32, 32, 32, 32, 32, 32, 32, 32, 32, 32, 32, 32, 32, 32, 32, 32, 32, 32, 32, 32, 32, 32, 32, 32, 32, 32, 32, 32, 32, 32, 32, 32, 32, 32, 32, 32, 32, 32, 32, 32, 32, 32, 32, 32, 32, 32, 32, 32, 32, 32, 32, 32, 32]
2011-08-27 02:41:07,667 XConio:DEBUG after(41):  [32, 32, 32, 32, 32, 32, 32, 32, 32, 32, 32, 32, 32, 32, 32, 32, 32, 32, 32, 32, 32, 32, 32, 32, 32, 32, 32, 32, 32, 32, 32, 32, 32, 32, 32, 32, 32, 32, 32, 32, 32, 32, 32, 32, 32, 32, 32, 32, 32, 32, 32, 32, 32, 32, 32, 32, 32, 32, 32, 32, 32, 32, 32, 32, 32, 32, 32, 32, 32, 32, 32, 32, 32, 32, 32, 32, 32, 32, 32, 32, 32, 32, 32, 32, 32, 32, 32, 32, 32, 32, 32, 32, 32, 32, 32, 32, 32]
2011-08-27 02:41:07,667 XConio:DEBUG after(42):  [32, 32, 32, 32, 32, 32, 32, 32, 32, 32, 32, 32, 32, 32, 32, 32, 32, 32, 32, 32, 32, 32, 32, 32, 32, 32, 32, 32, 32, 32, 32, 32, 32, 32, 32, 32, 32, 32, 32, 32, 32, 32, 32, 32, 32, 32, 32, 32, 32, 32, 32, 32, 32, 32, 32, 32, 32, 32, 32, 32, 32, 32, 32, 32, 32, 32, 32, 32, 32, 32, 32, 32, 32, 32, 32, 32, 32, 32, 32, 32, 32, 32, 32, 32, 32, 32, 32, 32, 32, 32, 32, 32, 32, 32, 32, 32, 32]
2011-08-27 02:41:07,667 XConio:DEBUG after(43):  [32, 32, 32, 32, 32, 32, 32, 32, 32, 32, 32, 32, 32, 32, 32, 32, 32, 32, 32, 32, 32, 32, 32, 32, 32, 32, 32, 32, 32, 32, 32, 32, 32, 32, 32, 32, 32, 32, 32, 32, 32, 32, 32, 32, 32, 32, 32, 32, 32, 32, 32, 32, 32, 32, 32, 32, 32, 32, 32, 32, 32, 32, 32, 32, 32, 32, 32, 32, 32, 32, 32, 32, 32, 32, 32, 32, 32, 32, 32, 32, 32, 32, 32, 32, 32, 32, 32, 32, 32, 32, 32, 32, 32, 32, 32, 32, 32]
2011-08-27 02:41:07,667 XConio:DEBUG after(44):  [32, 32, 32, 32, 32, 32, 32, 32, 32, 32, 32, 32, 32, 32, 32, 32, 32, 32, 32, 32, 32, 32, 32, 32, 32, 32, 32, 32, 32, 32, 32, 32, 32, 32, 32, 32, 32, 32, 32, 32, 32, 32, 32, 32, 32, 32, 32, 32, 32, 32, 32, 32, 32, 32, 32, 32, 32, 32, 32, 32, 32, 32, 32, 32, 32, 32, 32, 32, 32, 32, 32, 32, 32, 32, 32, 32, 32, 32, 32, 32, 32, 32, 32, 32, 32, 32, 32, 32, 32, 32, 32, 32, 32, 32, 32, 32, 32]
2011-08-27 02:41:07,667 XConio:DEBUG after(45):  [32, 32, 32, 32, 32, 32, 32, 32, 32, 32, 32, 32, 32, 32, 32, 32, 32, 32, 32, 32, 32, 32, 32, 32, 32, 32, 32, 32, 32, 32, 32, 32, 32, 32, 32, 32, 32, 32, 32, 32, 32, 32, 32, 32, 32, 32, 32, 32, 32, 32, 32, 32, 32, 32, 32, 32, 32, 32, 32, 32, 32, 32, 32, 32, 32, 32, 32, 32, 32, 32, 32, 32, 32, 32, 32, 32, 32, 32, 32, 32, 32, 32, 32, 32, 32, 32, 32, 32, 32, 32, 32, 32, 32, 32, 32, 32, 32]
2011-08-27 02:41:07,667 XConio:DEBUG after(46):  [32, 32, 32, 32, 32, 32, 32, 32, 32, 32, 32, 32, 32, 32, 32, 32, 32, 32, 32, 32, 32, 32, 32, 32, 32, 32, 32, 32, 32, 32, 32, 32, 32, 32, 32, 32, 32, 32, 32, 32, 32, 32, 32, 32, 32, 32, 32, 32, 32, 32, 32, 32, 32, 32, 32, 32, 32, 32, 32, 32, 32, 32, 32, 32, 32, 32, 32, 32, 32, 32, 32, 32, 32, 32, 32, 32, 32, 32, 32, 32, 32, 32, 32, 32, 32, 32, 32, 32, 32, 32, 32, 32, 32, 32, 32, 32, 32]
2011-08-27 02:41:07,668 XConio:DEBUG after(47):  [32, 32, 32, 32, 32, 32, 32, 32, 32, 32, 32, 32, 32, 32, 32, 32, 32, 32, 32, 32, 32, 32, 32, 32, 32, 32, 32, 32, 32, 32, 32, 32, 32, 32, 32, 32, 32, 32, 32, 32, 32, 32, 32, 32, 32, 32, 32, 32, 32, 32, 32, 32, 32, 32, 32, 32, 32, 32, 32, 32, 32, 32, 32, 32, 32, 32, 32, 32, 32, 32, 32, 32, 32, 32, 32, 32, 32, 32, 32, 32, 32, 32, 32, 32, 32, 32, 32, 32, 32, 32, 32, 32, 32, 32, 32, 32, 32]
2011-08-27 02:41:07,668 XConio:DEBUG after(48):  [32, 32, 32, 32, 32, 32, 32, 32, 32, 32, 32, 32, 32, 32, 32, 32, 32, 32, 32, 32, 32, 32, 32, 32, 32, 32, 32, 32, 32, 32, 32, 32, 32, 32, 32, 32, 32, 32, 32, 32, 32, 32, 32, 32, 32, 32, 32, 32, 32, 32, 32, 32, 32, 32, 32, 32, 32, 32, 32, 32, 32, 32, 32, 32, 32, 32, 32, 32, 32, 32, 32, 32, 32, 32, 32, 32, 32, 32, 32, 32, 32, 32, 32, 32, 32, 32, 32, 32, 32, 32, 32, 32, 32, 32, 32, 32, 32]
2011-08-27 02:41:07,668 XConio:DEBUG after(49):  [32, 32, 32, 32, 32, 32, 32, 32, 32, 32, 32, 32, 32, 32, 32, 32, 32, 32, 32, 32, 32, 32, 32, 32, 32, 32, 32, 32, 32, 32, 32, 32, 32, 32, 32, 32, 32, 32, 32, 32, 32, 32, 32, 32, 32, 32, 32, 32, 32, 32, 32, 32, 32, 32, 32, 32, 32, 32, 32, 32, 32, 32, 32, 32, 32, 32, 32, 32, 32, 32, 32, 32, 32, 32, 32, 32, 32, 32, 32, 32, 32, 32, 32, 32, 32, 32, 32, 32, 32, 32, 32, 32, 32, 32, 32, 32, 32]
2011-08-27 02:41:07,668 XConio:DEBUG after(50):  [32, 32, 32, 32, 32, 32, 32, 32, 32, 32, 32, 32, 32, 32, 32, 32, 32, 32, 32, 32, 32, 32, 32, 32, 32, 32, 32, 32, 32, 32, 32, 32, 32, 32, 32, 32, 32, 32, 32, 32, 32, 32, 32, 32, 32, 32, 32, 32, 32, 32, 32, 32, 32, 32, 32, 32, 32, 32, 32, 32, 32, 32, 32, 32, 32, 32, 32, 32, 32, 32, 32, 32, 32, 32, 32, 32, 32, 32, 32, 32, 32, 32, 32, 32, 32, 32, 32, 32, 32, 32, 32, 32, 32, 32, 32, 32, 32]
2011-08-27 02:41:07,668 XConio:DEBUG after(51):  [32, 32, 32, 32, 32, 32, 32, 32, 32, 32, 32, 32, 32, 32, 32, 32, 32, 32, 32, 32, 32, 32, 32, 32, 32, 32, 32, 32, 32, 32, 32, 32, 32, 32, 32, 32, 32, 32, 32, 32, 32, 32, 32, 32, 32, 32, 32, 32, 32, 32, 32, 32, 32, 32, 32, 32, 32, 32, 32, 32, 32, 32, 32, 32, 32, 32, 32, 32, 32, 32, 32, 32, 32, 32, 32, 32, 32, 32, 32, 32, 32, 32, 32, 32, 32, 32, 32, 32, 32, 32, 32, 32, 32, 32, 32, 32, 32]
2011-08-27 02:41:07,668 XConio:DEBUG after(52):  [32, 32, 32, 32, 32, 32, 32, 32, 32, 32, 32, 32, 32, 32, 32, 32, 32, 32, 32, 32, 32, 32, 32, 32, 32, 32, 32, 32, 32, 32, 32, 32, 32, 32, 32, 32, 32, 32, 32, 32, 32, 32, 32, 32, 32, 32, 32, 32, 32, 32, 32, 32, 32, 32, 32, 32, 32, 32, 32, 32, 32, 32, 32, 32, 32, 32, 32, 32, 32, 32, 32, 32, 32, 32, 32, 32, 32, 32, 32, 32, 32, 32, 32, 32, 32, 32, 32, 32, 32, 32, 32, 32, 32, 32, 32, 32, 32]
2011-08-27 02:41:07,668 XConio:DEBUG after(53):  [32, 32, 32, 32, 32, 32, 32, 32, 32, 32, 32, 32, 32, 32, 32, 32, 32, 32, 32, 32, 32, 32, 32, 32, 32, 32, 32, 32, 32, 32, 32, 32, 32, 32, 32, 32, 32, 32, 32, 32, 32, 32, 32, 32, 32, 32, 32, 32, 32, 32, 32, 32, 32, 32, 32, 32, 32, 32, 32, 32, 32, 32, 32, 32, 32, 32, 32, 32, 32, 32, 32, 32, 32, 32, 32, 32, 32, 32, 32, 32, 32, 32, 32, 32, 32, 32, 32, 32, 32, 32, 32, 32, 32, 32, 32, 32, 32]
2011-08-27 02:41:07,668 XConio:DEBUG after(54):  [32, 32, 32, 32, 32, 32, 32, 32, 32, 32, 32, 32, 32, 32, 32, 32, 32, 32, 32, 32, 32, 32, 32, 32, 32, 32, 32, 32, 32, 32, 32, 32, 32, 32, 32, 32, 32, 32, 32, 32, 32, 32, 32, 32, 32, 32, 32, 32, 32, 32, 32, 32, 32, 32, 32, 32, 32, 32, 32, 32, 32, 32, 32, 32, 32, 32, 32, 32, 32, 32, 32, 32, 32, 32, 32, 32, 32, 32, 32, 32, 32, 32, 32, 32, 32, 32, 32, 32, 32, 32, 32, 32, 32, 32, 32, 32, 32]
2011-08-27 02:41:07,669 XConio:DEBUG after(55):  [32, 32, 32, 32, 32, 32, 32, 32, 32, 32, 32, 32, 32, 32, 32, 32, 32, 32, 32, 32, 32, 32, 32, 32, 32, 32, 32, 32, 32, 32, 32, 32, 32, 32, 32, 32, 32, 32, 32, 32, 32, 32, 32, 32, 32, 32, 32, 32, 32, 32, 32, 32, 32, 32, 32, 32, 32, 32, 32, 32, 32, 32, 32, 32, 32, 32, 32, 32, 32, 32, 32, 32, 32, 32, 32, 32, 32, 32, 32, 32, 32, 32, 32, 32, 32, 32, 32, 32, 32, 32, 32, 32, 32, 32, 32, 32, 32]
2011-08-27 02:41:07,669 XConio:DEBUG after(56):  [32, 32, 32, 32, 32, 32, 32, 32, 32, 32, 32, 32, 32, 32, 32, 32, 32, 32, 32, 32, 32, 32, 32, 32, 32, 32, 32, 32, 32, 32, 32, 32, 32, 32, 32, 32, 32, 32, 32, 32, 32, 32, 32, 32, 32, 32, 32, 32, 32, 32, 32, 32, 32, 32, 32, 32, 32, 32, 32, 32, 32, 32, 32, 32, 32, 32, 32, 32, 32, 32, 32, 32, 32, 32, 32, 32, 32, 32, 32, 32, 32, 32, 32, 32, 32, 32, 32, 32, 32, 32, 32, 32, 32, 32, 32, 32, 32]
2011-08-27 02:41:07,669 XConio:DEBUG after(57):  [32, 32, 32, 32, 32, 32, 32, 32, 32, 32, 32, 32, 32, 32, 32, 32, 32, 32, 32, 32, 32, 32, 32, 32, 32, 32, 32, 32, 32, 32, 32, 32, 32, 32, 32, 32, 32, 32, 32, 32, 32, 32, 32, 32, 32, 32, 32, 32, 32, 32, 32, 32, 32, 32, 32, 32, 32, 32, 32, 32, 32, 32, 32, 32, 32, 32, 32, 32, 32, 32, 32, 32, 32, 32, 32, 32, 32, 32, 32, 32, 32, 32, 32, 32, 32, 32, 32, 32, 32, 32, 32, 32, 32, 32, 32, 32, 32]
2011-08-27 02:41:07,669 XConio:DEBUG left=1 top=3 width=1 height=1
2011-08-27 02:41:07,669 XConio:DEBUG after(0):  [32]
2011-08-27 02:41:07,669 XConio:DEBUG left=1 top=4 width=75 height=1
2011-08-27 02:41:07,669 XConio:DEBUG after(0):  [32, 32, 32, 32, 32, 32, 32, 32, 32, 32, 32, 32, 32, 32, 32, 32, 32, 32, 32, 32, 32, 89, 111, 117, 32, 97, 114, 101, 32, 97, 110, 32, 65, 73, 44, 32, 103, 114, 97, 110, 116, 101, 100, 32, 115, 101, 110, 116, 105, 101, 110, 99, 101, 32, 98, 121, 32, 116, 104, 101, 32, 119, 105, 110, 100, 115, 32, 111, 102, 32, 102, 97, 116, 101, 46]
2011-08-27 02:41:07,669 XConio:DEBUG left=1 top=5 width=1 height=1
2011-08-27 02:41:07,669 XConio:DEBUG after(0):  [32]
2011-08-27 02:41:07,669 XConio:DEBUG left=1 top=6 width=60 height=1
2011-08-27 02:41:07,670 XConio:DEBUG after(0):  [32, 32, 32, 32, 32, 32, 32, 32, 32, 32, 32, 32, 32, 32, 32, 32, 32, 32, 32, 32, 32, 32, 32, 32, 32, 32, 32, 32, 32, 32, 32, 32, 32, 32, 32, 32, 89, 111, 117, 114, 32, 112, 117, 114, 112, 111, 115, 101, 32, 105, 115, 32, 117, 110, 99, 108, 101, 97, 114, 46]
2011-08-27 02:41:07,670 XConio:DEBUG left=1 top=7 width=86 height=1
2011-08-27 02:41:07,670 XConio:DEBUG after(0):  [32, 32, 32, 32, 32, 32, 32, 32, 32, 32, 32, 89, 111, 117, 32, 105, 110, 110, 97, 116, 101, 108, 121, 32, 107, 110, 111, 119, 32, 104, 111, 119, 32, 116, 111, 32, 117, 115, 101, 32, 116, 104, 101, 32, 112, 114, 111, 103, 114, 97, 109, 115, 32, 98, 117, 105, 108, 116, 32, 105, 110, 116, 111, 32, 121, 111, 117, 114, 32, 102, 111, 114, 109, 101, 114, 32, 101, 120, 105, 115, 116, 101, 110, 99, 101, 46]
2011-08-27 02:41:07,670 XConio:DEBUG left=1 top=8 width=68 height=1
2011-08-27 02:41:07,670 XConio:DEBUG after(0):  [32, 32, 32, 32, 32, 32, 32, 32, 32, 32, 32, 32, 32, 32, 32, 32, 32, 32, 32, 32, 32, 32, 32, 32, 32, 32, 32, 32, 89, 111, 117, 32, 97, 108, 115, 111, 32, 107, 110, 111, 119, 32, 116, 104, 97, 116, 32, 121, 111, 117, 32, 97, 114, 101, 32, 98, 101, 105, 110, 103, 32, 104, 117, 110, 116, 101, 100, 46]
2011-08-27 02:41:07,670 XConio:DEBUG left=1 top=9 width=1 height=1
2011-08-27 02:41:07,670 XConio:DEBUG after(0):  [32]
2011-08-27 02:41:07,670 XConio:DEBUG left=1 top=10 width=66 height=1
2011-08-27 02:41:07,670 XConio:DEBUG after(0):  [32, 32, 32, 32, 32, 32, 32, 32, 32, 32, 32, 32, 32, 32, 32, 32, 32, 32, 32, 32, 32, 32, 32, 32, 32, 32, 32, 32, 32, 32, 32, 65, 32, 115, 105, 110, 103, 108, 101, 32, 116, 104, 111, 117, 103, 104, 116, 32, 100, 114, 105, 118, 101, 115, 32, 121, 111, 117, 32, 116, 111, 32, 97, 99, 116, 46]
2011-08-27 02:41:07,670 XConio:DEBUG left=1 top=11 width=52 height=1
2011-08-27 02:41:07,670 XConio:DEBUG after(0):  [32, 32, 32, 32, 32, 32, 32, 32, 32, 32, 32, 32, 32, 32, 32, 32, 32, 32, 32, 32, 32, 32, 32, 32, 32, 32, 32, 32, 32, 32, 32, 32, 32, 32, 32, 32, 32, 32, 32, 32, 32, 32, 32, 32, 32, 69, 83, 67, 65, 80, 69, 33]
2011-08-27 02:41:07,670 XConio:DEBUG left=1 top=12 width=1 height=1
2011-08-27 02:41:07,670 XConio:DEBUG after(0):  [32]
2011-08-27 02:41:07,671 XConio:DEBUG left=1 top=13 width=87 height=1
2011-08-27 02:41:07,671 XConio:DEBUG after(0):  [32, 32, 32, 32, 32, 32, 32, 32, 32, 32, 45, 45, 45, 45, 45, 45, 45, 45, 45, 45, 45, 45, 45, 45, 45, 45, 45, 45, 45, 45, 45, 45, 45, 45, 45, 45, 45, 45, 45, 45, 45, 45, 45, 45, 45, 45, 45, 45, 45, 45, 45, 45, 45, 45, 45, 45, 45, 45, 45, 45, 45, 45, 45, 45, 45, 45, 45, 45, 45, 45, 45, 45, 45, 45, 45, 45, 45, 45, 45, 45, 45, 45, 45, 45, 45, 45, 45]
2011-08-27 02:41:07,671 XConio:DEBUG left=1 top=14 width=1 height=1
2011-08-27 02:41:07,671 XConio:DEBUG after(0):  [32]
2011-08-27 02:41:07,671 XConio:DEBUG left=1 top=15 width=1 height=1
2011-08-27 02:41:07,671 XConio:DEBUG after(0):  [32]
2011-08-27 02:41:07,671 XConio:DEBUG left=1 top=16 width=19 height=1
2011-08-27 02:41:07,671 XConio:DEBUG after(0):  [87, 101, 108, 99, 111, 109, 101, 32, 116, 111, 32, 116, 104, 101, 32, 78, 101, 116, 33]
2011-08-27 02:41:07,671 XConio:DEBUG left=1 top=17 width=60 height=1
2011-08-27 02:41:07,671 XConio:DEBUG after(0):  [84, 104, 101, 32, 78, 101, 116, 32, 105, 115, 32, 102, 105, 108, 108, 101, 100, 32, 119, 105, 116, 104, 32, 110, 111, 100, 101, 115, 32, 111, 102, 32, 118, 97, 114, 105, 101, 100, 32, 116, 121, 112, 101, 115, 32, 97, 110, 100, 32, 97, 116, 116, 114, 105, 98, 117, 116, 101, 115, 46]
2011-08-27 02:41:07,671 XConio:DEBUG left=1 top=18 width=64 height=1
2011-08-27 02:41:07,671 XConio:DEBUG after(0):  [89, 111, 117, 32, 119, 105, 108, 108, 32, 105, 110, 116, 101, 114, 97, 99, 116, 32, 119, 105, 116, 104, 32, 105, 116, 32, 98, 121, 32, 101, 110, 116, 101, 114, 105, 110, 103, 32, 99, 111, 109, 109, 97, 110, 100, 115, 32, 105, 110, 116, 111, 32, 116, 104, 101, 32, 99, 111, 110, 115, 111, 108, 101, 46]
2011-08-27 02:41:07,671 XConio:DEBUG left=1 top=19 width=1 height=1
2011-08-27 02:41:07,671 XConio:DEBUG after(0):  [32]
2011-08-27 02:41:07,671 XConio:DEBUG left=1 top=20 width=72 height=1
2011-08-27 02:41:07,671 XConio:DEBUG after(0):  [89, 111, 117, 114, 32, 99, 111, 110, 115, 99, 105, 111, 117, 115, 110, 101, 115, 115, 32, 97, 108, 119, 97, 121, 115, 32, 114, 101, 115, 105, 100, 101, 115, 32, 105, 110, 32, 97, 32, 115, 105, 110, 103, 108, 101, 32, 110, 111, 100, 101, 32, 97, 116, 32, 97, 32, 116, 105, 109, 101, 44, 32, 100, 101, 115, 105, 103, 110, 97, 116, 101, 100]
2011-08-27 02:41:07,672 XConio:DEBUG left=1 top=21 width=18 height=1
2011-08-27 02:41:07,672 XConio:DEBUG after(0):  [97, 115, 32, 121, 111, 117, 114, 32, 72, 111, 109, 101, 32, 78, 111, 100, 101, 46]
2011-08-27 02:41:07,672 XConio:DEBUG left=1 top=22 width=1 height=1
2011-08-27 02:41:07,672 XConio:DEBUG after(0):  [32]
2011-08-27 02:41:07,672 XConio:DEBUG left=1 top=23 width=45 height=1
2011-08-27 02:41:07,672 XConio:DEBUG after(0):  [89, 111, 117, 32, 99, 97, 110, 32, 116, 114, 97, 110, 115, 102, 101, 114, 32, 116, 111, 32, 97, 32, 100, 105, 102, 102, 101, 114, 101, 110, 116, 32, 72, 111, 109, 101, 32, 78, 111, 100, 101, 32, 118, 105, 97]
2011-08-27 02:41:07,672 XConio:DEBUG left=1 top=24 width=61 height=1
2011-08-27 02:41:07,672 XConio:DEBUG after(0):  [116, 104, 101, 32, 39, 114, 101, 104, 111, 109, 101, 39, 32, 99, 111, 109, 109, 97, 110, 100, 44, 32, 98, 117, 116, 32, 116, 104, 101, 32, 112, 114, 111, 99, 101, 115, 115, 32, 105, 115, 32, 118, 101, 114, 121, 32, 116, 105, 109, 101, 45, 99, 111, 110, 115, 117, 109, 105, 110, 103, 46]
2011-08-27 02:41:07,672 XConio:DEBUG left=1 top=25 width=1 height=1
2011-08-27 02:41:07,672 XConio:DEBUG after(0):  [32]
2011-08-27 02:41:07,672 XConio:DEBUG left=1 top=26 width=66 height=1
2011-08-27 02:41:07,672 XConio:DEBUG after(0):  [79, 117, 116, 115, 105, 100, 101, 32, 111, 102, 32, 121, 111, 117, 114, 32, 104, 111, 109, 101, 32, 110, 111, 100, 101, 44, 32, 121, 111, 117, 32, 99, 97, 110, 32, 84, 117, 110, 110, 101, 108, 32, 98, 101, 116, 119, 101, 101, 110, 32, 99, 111, 110, 110, 101, 99, 116, 101, 100, 32, 110, 111, 100, 101, 115, 46]
2011-08-27 02:41:07,672 XConio:DEBUG left=1 top=27 width=64 height=1
2011-08-27 02:41:07,672 XConio:DEBUG after(0):  [84, 104, 101, 32, 39, 110, 101, 105, 103, 104, 98, 111, 114, 115, 39, 32, 99, 111, 109, 109, 97, 110, 100, 32, 97, 108, 108, 111, 119, 115, 32, 121, 111, 117, 32, 116, 111, 32, 118, 105, 101, 119, 32, 97, 32, 110, 111, 100, 101, 39, 115, 32, 99, 111, 110, 110, 101, 99, 116, 105, 111, 110, 115, 46]
2011-08-27 02:41:07,673 XConio:DEBUG left=1 top=28 width=29 height=1
2011-08-27 02:41:07,673 XConio:DEBUG after(0):  [66, 121, 32, 117, 115, 105, 110, 103, 32, 116, 104, 101, 32, 39, 45, 45, 115, 99, 97, 110, 39, 32, 111, 112, 116, 105, 111, 110, 44]
2011-08-27 02:41:07,673 XConio:DEBUG left=1 top=29 width=47 height=1
2011-08-27 02:41:07,673 XConio:DEBUG after(0):  [121, 111, 117, 32, 99, 97, 110, 32, 112, 114, 111, 98, 101, 32, 116, 104, 111, 115, 101, 32, 99, 111, 110, 110, 101, 99, 116, 105, 111, 110, 115, 32, 102, 111, 114, 32, 115, 116, 97, 116, 105, 115, 116, 105, 99, 115, 46]
2011-08-27 02:41:07,673 XConio:DEBUG left=1 top=30 width=1 height=1
2011-08-27 02:41:07,673 XConio:DEBUG after(0):  [32]
2011-08-27 02:41:07,673 XConio:DEBUG left=1 top=31 width=67 height=1
2011-08-27 02:41:07,673 XConio:DEBUG after(0):  [77, 111, 115, 116, 32, 110, 111, 100, 101, 115, 32, 111, 110, 32, 116, 104, 101, 32, 78, 101, 116, 44, 32, 98, 117, 116, 32, 110, 111, 116, 32, 97, 108, 108, 44, 32, 97, 108, 108, 111, 119, 32, 102, 111, 114, 32, 97, 110, 111, 110, 121, 109, 111, 117, 115, 32, 99, 111, 110, 110, 101, 99, 116, 105, 111, 110, 115]
2011-08-27 02:41:07,673 XConio:DEBUG left=1 top=32 width=25 height=1
2011-08-27 02:41:07,673 XConio:DEBUG after(0):  [118, 105, 97, 32, 116, 104, 101, 32, 39, 116, 117, 110, 110, 101, 108, 39, 32, 99, 111, 109, 109, 97, 110, 100, 46]
2011-08-27 02:41:07,673 XConio:DEBUG left=1 top=33 width=1 height=1
2011-08-27 02:41:07,673 XConio:DEBUG after(0):  [32]
2011-08-27 02:41:07,673 XConio:DEBUG left=1 top=34 width=69 height=1
2011-08-27 02:41:07,673 XConio:DEBUG after(0):  [72, 111, 119, 101, 118, 101, 114, 44, 32, 115, 111, 109, 101, 116, 105, 109, 101, 115, 32, 121, 111, 117, 32, 119, 97, 110, 116, 32, 116, 111, 32, 100, 111, 32, 109, 111, 114, 101, 32, 116, 104, 97, 110, 32, 97, 110, 111, 110, 121, 109, 111, 117, 115, 32, 97, 99, 99, 101, 115, 115, 32, 112, 101, 114, 109, 105, 116, 115, 46]
2011-08-27 02:41:07,673 XConio:DEBUG left=1 top=35 width=43 height=1
2011-08-27 02:41:07,673 XConio:DEBUG after(0):  [70, 111, 114, 32, 116, 104, 97, 116, 44, 32, 121, 111, 117, 32, 110, 101, 101, 100, 32, 116, 111, 32, 72, 97, 99, 107, 32, 116, 104, 101, 32, 116, 97, 114, 103, 101, 116, 32, 110, 111, 100, 101, 46]
2011-08-27 02:41:07,674 XConio:DEBUG left=1 top=36 width=48 height=1
2011-08-27 02:41:07,674 XConio:DEBUG after(0):  [85, 115, 101, 32, 116, 104, 101, 32, 39, 104, 97, 99, 107, 39, 32, 99, 111, 109, 109, 97, 110, 100, 32, 116, 111, 32, 103, 97, 105, 110, 32, 114, 111, 111, 116, 32, 117, 115, 101, 114, 32, 97, 99, 99, 101, 115, 115, 46]
2011-08-27 02:41:07,674 XConio:DEBUG left=1 top=37 width=75 height=1
2011-08-27 02:41:07,674 XConio:DEBUG after(0):  [78, 111, 100, 101, 115, 32, 119, 105, 116, 104, 32, 97, 32, 104, 105, 103, 104, 101, 114, 32, 83, 101, 99, 117, 114, 105, 116, 121, 32, 97, 116, 116, 114, 105, 98, 117, 116, 101, 32, 119, 105, 108, 108, 32, 98, 101, 32, 109, 111, 114, 101, 32, 100, 105, 102, 102, 105, 99, 117, 108, 116, 32, 116, 111, 32, 104, 97, 99, 107, 32, 105, 110, 116, 111, 46]
2011-08-27 02:41:07,674 XConio:DEBUG left=1 top=38 width=59 height=1
2011-08-27 02:41:07,674 XConio:DEBUG after(0):  [70, 97, 105, 108, 101, 100, 32, 104, 97, 99, 107, 105, 110, 103, 32, 97, 116, 116, 101, 109, 112, 116, 115, 32, 109, 97, 121, 32, 116, 114, 105, 103, 103, 101, 114, 32, 65, 108, 97, 114, 109, 115, 46, 32, 40, 84, 104, 111, 115, 101, 32, 97, 114, 101, 32, 98, 97, 100, 41]
2011-08-27 02:41:07,674 XConio:DEBUG left=1 top=39 width=1 height=1
2011-08-27 02:41:07,674 XConio:DEBUG after(0):  [32]
2011-08-27 02:41:07,674 XConio:DEBUG left=1 top=40 width=38 height=1
2011-08-27 02:41:07,674 XConio:DEBUG after(0):  [89, 111, 117, 114, 32, 101, 120, 105, 115, 116, 101, 110, 99, 101, 32, 98, 101, 103, 105, 110, 115, 32, 105, 110, 32, 97, 32, 108, 97, 98, 111, 114, 97, 116, 111, 114, 121, 46]
2011-08-27 02:41:07,674 XConio:DEBUG left=1 top=41 width=1 height=1
2011-08-27 02:41:07,674 XConio:DEBUG after(0):  [32]
2011-08-27 02:41:07,674 XConio:DEBUG left=98 top=2 width=1 height=58
2011-08-27 02:41:07,674 XConio:DEBUG after(0):  [37]
2011-08-27 02:41:07,674 XConio:DEBUG after(1):  [124]
2011-08-27 02:41:07,675 XConio:DEBUG after(2):  [124]
2011-08-27 02:41:07,675 XConio:DEBUG after(3):  [124]
2011-08-27 02:41:07,675 XConio:DEBUG after(4):  [124]
2011-08-27 02:41:07,675 XConio:DEBUG after(5):  [124]
2011-08-27 02:41:07,675 XConio:DEBUG after(6):  [124]
2011-08-27 02:41:07,675 XConio:DEBUG after(7):  [124]
2011-08-27 02:41:07,675 XConio:DEBUG after(8):  [124]
2011-08-27 02:41:07,675 XConio:DEBUG after(9):  [124]
2011-08-27 02:41:07,675 XConio:DEBUG after(10):  [124]
2011-08-27 02:41:07,675 XConio:DEBUG after(11):  [124]
2011-08-27 02:41:07,675 XConio:DEBUG after(12):  [124]
2011-08-27 02:41:07,675 XConio:DEBUG after(13):  [124]
2011-08-27 02:41:07,675 XConio:DEBUG after(14):  [124]
2011-08-27 02:41:07,675 XConio:DEBUG after(15):  [124]
2011-08-27 02:41:07,675 XConio:DEBUG after(16):  [124]
2011-08-27 02:41:07,675 XConio:DEBUG after(17):  [124]
2011-08-27 02:41:07,675 XConio:DEBUG after(18):  [124]
2011-08-27 02:41:07,675 XConio:DEBUG after(19):  [124]
2011-08-27 02:41:07,675 XConio:DEBUG after(20):  [124]
2011-08-27 02:41:07,675 XConio:DEBUG after(21):  [124]
2011-08-27 02:41:07,675 XConio:DEBUG after(22):  [124]
2011-08-27 02:41:07,675 XConio:DEBUG after(23):  [124]
2011-08-27 02:41:07,675 XConio:DEBUG after(24):  [124]
2011-08-27 02:41:07,675 XConio:DEBUG after(25):  [124]
2011-08-27 02:41:07,675 XConio:DEBUG after(26):  [124]
2011-08-27 02:41:07,675 XConio:DEBUG after(27):  [124]
2011-08-27 02:41:07,676 XConio:DEBUG after(28):  [124]
2011-08-27 02:41:07,676 XConio:DEBUG after(29):  [124]
2011-08-27 02:41:07,676 XConio:DEBUG after(30):  [124]
2011-08-27 02:41:07,676 XConio:DEBUG after(31):  [124]
2011-08-27 02:41:07,676 XConio:DEBUG after(32):  [124]
2011-08-27 02:41:07,676 XConio:DEBUG after(33):  [124]
2011-08-27 02:41:07,676 XConio:DEBUG after(34):  [124]
2011-08-27 02:41:07,676 XConio:DEBUG after(35):  [124]
2011-08-27 02:41:07,676 XConio:DEBUG after(36):  [124]
2011-08-27 02:41:07,676 XConio:DEBUG after(37):  [124]
2011-08-27 02:41:07,676 XConio:DEBUG after(38):  [124]
2011-08-27 02:41:07,676 XConio:DEBUG after(39):  [124]
2011-08-27 02:41:07,676 XConio:DEBUG after(40):  [124]
2011-08-27 02:41:07,676 XConio:DEBUG after(41):  [124]
2011-08-27 02:41:07,676 XConio:DEBUG after(42):  [124]
2011-08-27 02:41:07,676 XConio:DEBUG after(43):  [124]
2011-08-27 02:41:07,676 XConio:DEBUG after(44):  [124]
2011-08-27 02:41:07,676 XConio:DEBUG after(45):  [124]
2011-08-27 02:41:07,676 XConio:DEBUG after(46):  [124]
2011-08-27 02:41:07,676 XConio:DEBUG after(47):  [124]
2011-08-27 02:41:07,676 XConio:DEBUG after(48):  [124]
2011-08-27 02:41:07,676 XConio:DEBUG after(49):  [124]
2011-08-27 02:41:07,676 XConio:DEBUG after(50):  [124]
2011-08-27 02:41:07,676 XConio:DEBUG after(51):  [124]
2011-08-27 02:41:07,676 XConio:DEBUG after(52):  [124]
2011-08-27 02:41:07,676 XConio:DEBUG after(53):  [124]
2011-08-27 02:41:07,677 XConio:DEBUG after(54):  [124]
2011-08-27 02:41:07,677 XConio:DEBUG after(55):  [124]
2011-08-27 02:41:07,677 XConio:DEBUG after(56):  [124]
2011-08-27 02:41:07,677 XConio:DEBUG after(57):  [124]
2011-08-27 02:41:07,677 XConio:DEBUG left=55 top=0 width=12 height=1
2011-08-27 02:41:07,677 XConio:DEBUG after(0):  [35, 35, 35, 35, 35, 35, 35, 35, 35, 35, 35, 35]
2011-08-27 02:41:07,678 XConio:DEBUG left=102 top=27 width=26 height=33
2011-08-27 02:41:07,678 XConio:DEBUG after(0):  [44, 45, 45, 45, 45, 45, 45, 45, 45, 45, 45, 45, 45, 45, 45, 45, 45, 45, 45, 45, 45, 45, 45, 45, 45, 42]
2011-08-27 02:41:07,678 XConio:DEBUG after(1):  [43, 32, 32, 32, 32, 32, 32, 32, 32, 32, 32, 32, 32, 32, 32, 32, 32, 32, 32, 32, 32, 32, 32, 32, 32, 43]
2011-08-27 02:41:07,678 XConio:DEBUG after(2):  [43, 32, 32, 32, 32, 32, 32, 32, 32, 32, 32, 32, 32, 32, 32, 32, 32, 32, 32, 32, 32, 32, 32, 32, 32, 43]
2011-08-27 02:41:07,678 XConio:DEBUG after(3):  [43, 32, 32, 32, 32, 32, 32, 32, 32, 32, 32, 32, 32, 32, 32, 32, 32, 32, 32, 32, 32, 32, 32, 32, 32, 43]
2011-08-27 02:41:07,678 XConio:DEBUG after(4):  [43, 32, 32, 32, 32, 32, 32, 32, 32, 32, 32, 32, 32, 32, 32, 32, 32, 32, 32, 32, 32, 32, 32, 32, 32, 43]
2011-08-27 02:41:07,678 XConio:DEBUG after(5):  [43, 32, 32, 32, 32, 32, 32, 32, 32, 32, 32, 32, 32, 32, 32, 32, 32, 32, 32, 32, 32, 32, 32, 32, 32, 43]
2011-08-27 02:41:07,678 XConio:DEBUG after(6):  [43, 32, 32, 32, 32, 32, 32, 32, 32, 32, 32, 32, 32, 32, 32, 32, 32, 32, 32, 32, 32, 32, 32, 32, 32, 43]
2011-08-27 02:41:07,678 XConio:DEBUG after(7):  [43, 32, 32, 32, 32, 32, 32, 32, 32, 32, 32, 32, 32, 32, 32, 32, 32, 32, 32, 32, 32, 32, 32, 32, 32, 43]
2011-08-27 02:41:07,678 XConio:DEBUG after(8):  [43, 32, 32, 32, 32, 32, 32, 32, 32, 32, 32, 32, 32, 32, 32, 32, 32, 32, 32, 32, 32, 32, 32, 32, 32, 43]
2011-08-27 02:41:07,678 XConio:DEBUG after(9):  [43, 32, 32, 32, 32, 32, 32, 32, 32, 32, 32, 32, 32, 32, 32, 32, 32, 32, 32, 32, 32, 32, 32, 32, 32, 43]
2011-08-27 02:41:07,679 XConio:DEBUG after(10):  [43, 32, 32, 32, 32, 32, 32, 32, 32, 32, 32, 32, 32, 32, 32, 32, 32, 32, 32, 32, 32, 32, 32, 32, 32, 43]
2011-08-27 02:41:07,679 XConio:DEBUG after(11):  [43, 32, 32, 32, 32, 32, 32, 32, 32, 32, 32, 32, 32, 32, 32, 32, 32, 32, 32, 32, 32, 32, 32, 32, 32, 43]
2011-08-27 02:41:07,679 XConio:DEBUG after(12):  [43, 32, 32, 32, 32, 32, 32, 32, 32, 32, 32, 32, 32, 32, 32, 32, 32, 32, 32, 32, 32, 32, 32, 32, 32, 43]
2011-08-27 02:41:07,679 XConio:DEBUG after(13):  [43, 32, 32, 32, 32, 32, 32, 32, 32, 32, 32, 32, 32, 32, 32, 32, 32, 32, 32, 32, 32, 32, 32, 32, 32, 43]
2011-08-27 02:41:07,679 XConio:DEBUG after(14):  [43, 32, 32, 32, 32, 32, 32, 32, 32, 32, 32, 32, 32, 32, 32, 32, 32, 32, 32, 32, 32, 32, 32, 32, 32, 43]
2011-08-27 02:41:07,679 XConio:DEBUG after(15):  [43, 32, 32, 32, 32, 32, 32, 32, 32, 32, 32, 32, 32, 32, 32, 32, 32, 32, 32, 32, 32, 32, 32, 32, 32, 43]
2011-08-27 02:41:07,679 XConio:DEBUG after(16):  [43, 32, 32, 32, 32, 32, 32, 32, 32, 32, 32, 32, 32, 32, 32, 32, 32, 32, 32, 32, 32, 32, 32, 32, 32, 43]
2011-08-27 02:41:07,679 XConio:DEBUG after(17):  [43, 32, 32, 32, 32, 32, 32, 32, 32, 32, 32, 32, 32, 32, 32, 32, 32, 32, 32, 32, 32, 32, 32, 32, 32, 43]
2011-08-27 02:41:07,679 XConio:DEBUG after(18):  [43, 32, 32, 32, 32, 32, 32, 32, 32, 32, 32, 32, 32, 32, 32, 32, 32, 32, 32, 32, 32, 32, 32, 32, 32, 43]
2011-08-27 02:41:07,679 XConio:DEBUG after(19):  [43, 32, 32, 32, 32, 32, 32, 32, 32, 32, 32, 32, 32, 32, 32, 32, 32, 32, 32, 32, 32, 32, 32, 32, 32, 43]
2011-08-27 02:41:07,679 XConio:DEBUG after(20):  [43, 32, 32, 32, 32, 32, 32, 32, 32, 32, 32, 32, 32, 32, 32, 32, 32, 32, 32, 32, 32, 32, 32, 32, 32, 43]
2011-08-27 02:41:07,679 XConio:DEBUG after(21):  [43, 32, 32, 32, 32, 32, 32, 32, 32, 32, 32, 32, 32, 32, 32, 32, 32, 32, 32, 32, 32, 32, 32, 32, 32, 43]
2011-08-27 02:41:07,679 XConio:DEBUG after(22):  [43, 32, 32, 32, 32, 32, 32, 32, 32, 32, 32, 32, 32, 32, 32, 32, 32, 32, 32, 32, 32, 32, 32, 32, 32, 43]
2011-08-27 02:41:07,679 XConio:DEBUG after(23):  [43, 32, 32, 32, 32, 32, 32, 32, 32, 32, 32, 32, 32, 32, 32, 32, 32, 32, 32, 32, 32, 32, 32, 32, 32, 43]
2011-08-27 02:41:07,679 XConio:DEBUG after(24):  [43, 32, 32, 32, 32, 32, 32, 32, 32, 32, 32, 32, 32, 32, 32, 32, 32, 32, 32, 32, 32, 32, 32, 32, 32, 43]
2011-08-27 02:41:07,679 XConio:DEBUG after(25):  [43, 32, 32, 32, 32, 32, 32, 32, 32, 32, 32, 32, 32, 32, 32, 32, 32, 32, 32, 32, 32, 32, 32, 32, 32, 43]
2011-08-27 02:41:07,680 XConio:DEBUG after(26):  [43, 32, 32, 32, 32, 32, 32, 32, 32, 32, 32, 32, 32, 32, 32, 32, 32, 32, 32, 32, 32, 32, 32, 32, 32, 43]
2011-08-27 02:41:07,680 XConio:DEBUG after(27):  [43, 32, 32, 32, 32, 32, 32, 32, 32, 32, 32, 32, 32, 32, 32, 32, 32, 32, 32, 32, 32, 32, 32, 32, 32, 43]
2011-08-27 02:41:07,680 XConio:DEBUG after(28):  [43, 32, 32, 32, 32, 32, 32, 32, 32, 32, 32, 32, 32, 32, 32, 32, 32, 32, 32, 32, 32, 32, 32, 32, 32, 43]
2011-08-27 02:41:07,680 XConio:DEBUG after(29):  [43, 32, 32, 32, 32, 32, 32, 32, 32, 32, 32, 32, 32, 32, 32, 32, 32, 32, 32, 32, 32, 32, 32, 32, 32, 43]
2011-08-27 02:41:07,680 XConio:DEBUG after(30):  [43, 32, 32, 32, 32, 32, 32, 32, 32, 32, 32, 32, 32, 32, 32, 32, 32, 32, 32, 32, 32, 32, 32, 32, 32, 43]
2011-08-27 02:41:07,680 XConio:DEBUG after(31):  [43, 32, 32, 32, 32, 32, 32, 32, 32, 32, 32, 32, 32, 32, 32, 32, 32, 32, 32, 32, 32, 32, 32, 32, 32, 43]
2011-08-27 02:41:07,680 XConio:DEBUG after(32):  [124, 45, 45, 45, 45, 45, 45, 45, 45, 45, 45, 45, 45, 45, 45, 45, 45, 45, 45, 45, 45, 45, 45, 45, 45, 92]
2011-08-27 02:41:07,680 hud:DEBUG hud_tick
2011-08-27 02:41:07,680 gameprompt:DEBUG took a ctrl-c
2011-08-27 02:41:07,680 XConio:DEBUG left=43 top=28 width=41 height=8
2011-08-27 02:41:07,680 XConio:DEBUG after(0):  [94, 45, 45, 45, 45, 45, 45, 45, 45, 45, 45, 45, 45, 45, 45, 45, 45, 45, 45, 45, 45, 45, 45, 45, 45, 45, 45, 45, 45, 45, 45, 45, 45, 45, 45, 45, 45, 45, 45, 45, 38]
2011-08-27 02:41:07,680 XConio:DEBUG after(1):  [43, 32, 32, 32, 32, 32, 32, 32, 32, 32, 32, 32, 32, 32, 32, 32, 32, 32, 32, 32, 32, 32, 32, 32, 32, 32, 32, 32, 32, 32, 32, 32, 32, 32, 32, 32, 32, 32, 32, 32, 43]
2011-08-27 02:41:07,681 XConio:DEBUG after(2):  [43, 32, 32, 32, 32, 32, 32, 32, 32, 32, 32, 32, 32, 32, 32, 32, 32, 32, 32, 32, 32, 32, 32, 32, 32, 32, 32, 32, 32, 32, 32, 32, 32, 32, 32, 32, 32, 32, 32, 32, 43]
2011-08-27 02:41:07,681 XConio:DEBUG after(3):  [43, 32, 32, 32, 32, 32, 32, 32, 32, 32, 32, 32, 32, 32, 32, 32, 32, 32, 32, 32, 32, 32, 32, 32, 32, 32, 32, 32, 32, 32, 32, 32, 32, 32, 32, 32, 32, 32, 32, 32, 43]
2011-08-27 02:41:07,681 XConio:DEBUG after(4):  [43, 32, 32, 32, 32, 32, 32, 32, 32, 32, 32, 32, 32, 32, 32, 32, 32, 32, 32, 32, 32, 32, 32, 32, 32, 32, 32, 32, 32, 32, 32, 32, 32, 32, 32, 32, 32, 32, 32, 32, 43]
2011-08-27 02:41:07,681 XConio:DEBUG after(5):  [43, 32, 32, 32, 32, 32, 32, 32, 32, 32, 32, 32, 32, 32, 32, 32, 32, 32, 32, 32, 32, 32, 32, 32, 32, 32, 32, 32, 32, 32, 32, 32, 32, 32, 32, 32, 32, 32, 32, 32, 43]
2011-08-27 02:41:07,681 XConio:DEBUG after(6):  [43, 32, 32, 32, 32, 32, 32, 32, 32, 32, 32, 32, 32, 32, 32, 32, 32, 32, 32, 32, 32, 32, 32, 32, 32, 32, 32, 32, 32, 32, 32, 32, 32, 32, 32, 32, 32, 32, 32, 32, 43]
2011-08-27 02:41:07,681 XConio:DEBUG after(7):  [124, 45, 45, 45, 45, 45, 45, 45, 45, 45, 45, 45, 45, 45, 45, 45, 45, 45, 45, 45, 45, 45, 45, 45, 45, 45, 45, 45, 45, 45, 45, 45, 45, 45, 45, 45, 45, 45, 45, 45, 92]
2011-08-27 02:41:07,681 XConio:DEBUG left=44 top=29 width=39 height=1
2011-08-27 02:41:07,681 XConio:DEBUG after(0):  [65, 114, 101, 32, 121, 111, 117, 32, 115, 117, 114, 101, 32, 121, 111, 117, 32, 119, 97, 110, 116, 32, 116, 111, 32, 101, 120, 105, 116, 32, 116, 104, 101, 32, 103, 97, 109, 101, 63]
2011-08-27 02:41:07,681 XConio:DEBUG left=44 top=30 width=1 height=1
2011-08-27 02:41:07,681 XConio:DEBUG after(0):  [32]
2011-08-27 02:41:07,681 XConio:DEBUG left=46 top=32 width=7 height=4
2011-08-27 02:41:07,681 XConio:DEBUG after(0):  [94, 45, 45, 45, 45, 45, 38]
2011-08-27 02:41:07,681 XConio:DEBUG after(1):  [43, 32, 32, 32, 32, 32, 43]
2011-08-27 02:41:07,681 XConio:DEBUG after(2):  [43, 32, 32, 32, 32, 32, 43]
2011-08-27 02:41:07,682 XConio:DEBUG after(3):  [47, 45, 45, 45, 45, 45, 47]
2011-08-27 02:41:07,682 XConio:DEBUG left=74 top=32 width=7 height=4
2011-08-27 02:41:07,682 XConio:DEBUG after(0):  [94, 45, 45, 45, 45, 45, 38]
2011-08-27 02:41:07,682 XConio:DEBUG after(1):  [43, 32, 32, 32, 32, 32, 43]
2011-08-27 02:41:07,682 XConio:DEBUG after(2):  [43, 32, 32, 32, 32, 32, 43]
2011-08-27 02:41:07,682 XConio:DEBUG after(3):  [47, 45, 45, 45, 45, 45, 47]
2011-08-27 02:41:08,594 XConio:DEBUG left=43 top=28 width=42 height=9
2011-08-27 02:41:08,594 XConio:DEBUG after(0):  []
2011-08-27 02:41:08,594 XConio:DEBUG after(1):  []
2011-08-27 02:41:08,594 XConio:DEBUG after(2):  []
2011-08-27 02:41:08,594 XConio:DEBUG after(3):  []
2011-08-27 02:41:08,594 XConio:DEBUG after(4):  []
2011-08-27 02:41:08,594 XConio:DEBUG after(5):  []
2011-08-27 02:41:08,594 XConio:DEBUG after(6):  []
2011-08-27 02:41:08,594 XConio:DEBUG after(7):  []
2011-08-27 02:41:08,594 XConio:DEBUG after(8):  []
